8086/87/88/186 MACRO ASSEMBLER    CHIPS                                                    19:55:34  11/24/;3  PAGE    1


DOS 5.0 (038-N) 8086/87/88/186 MACRO ASSEMBLER V3.1 ASSEMBLY OF MODULE CHIPS
OBJECT MODULE PLACED IN CHIPS.OBJ
ASSEMBLER INVOKED BY:  C:\UTIL\ASM86.EXE CHIPS.ASM M1 DB EP


LOC  OBJ                  LINE     SOURCE

                             1             NAME    chips
                             2 +1  $INCLUDE(chips.inc); Include files
                      =1     3     ;;;;;;;;;;;;;;;;;;;;;;;;;;;;;;;;;;;;;;;;;;;;;;;;;;;;;;;;;;;;;;;;;;;;;;;;;;;;;
                      =1     4     ;                                                                               ;
                      =1     5     ;                                  Chips.INC                                    ;
                      =1     6     ;                           Chip Select Constants                           ;
                      =1     7     ;                                 Include File                              ;
                      =1     8     ;                                                                           ;
                      =1     9     ;;;;;;;;;;;;;;;;;;;;;;;;;;;;;;;;;;;;;;;;;;;;;;;;;;;;;;;;;;;;;;;;;;;;;;;;;;;;;
                      =1    10     
                      =1    11     ; This file contains the definitions for chip select values
                      =1    12     ;
                      =1    13     ; Revision History:
                      =1    14     ;    11/23/2013                 Created - Anjian Wu
                      =1    15     
                      =1    16     
                      =1    17     
                      =1    18     ; Chip Select Register Values
  0003                =1    19     PACSval         EQU     00003H          ;PCS base at 0, 3 wait states
                      =1    20                                             ;0000000000------  starts at address 0
                      =1    21                                             ;----------000---  reserved
                      =1    22                                             ;-------------0--  wait for RDY inputs
                      =1    23                                             ;--------------11  3 wait states
  0183                =1    24     MPCSval         EQU     00183H          ;PCS in I/O space, use PCS5/6, 3 wait states
                      =1    25                                             ;0---------000---  reserved
                      =1    26                                             ;-0000001--------  MCS is 8KB
                      =1    27                                             ;--------1-------  output PCS5/PCS6
                      =1    28                                             ;---------0------  PCS in I/O space
                      =1    29                                             ;-------------0--  wait for RDY inputs
                      =1    30                                             ;--------------11  3 wait states
                      =1    31                                             
  FFA4                =1    32     PACSreg         EQU     0FFA4H          ;address of PACS register
  FFA8                =1    33     MPCSreg         EQU     0FFA8H          ;address of MPCS register
                            34 +1  $INCLUDE(general.inc)
                      =1    35     ;;;;;;;;;;;;;;;;;;;;;;;;;;;;;;;;;;;;;;;;;;;;;;;;;;;;;;;;;;;;;;;;;;;;;;;;;;;;;
                      =1    36     ;                                                                               ;
                      =1    37     ;                                  General.INC                                  ;
                      =1    38     ;                               General Constants                           ;
                      =1    39     ;                                 Include File                              ;
                      =1    40     ;                                                                           ;
                      =1    41     ;;;;;;;;;;;;;;;;;;;;;;;;;;;;;;;;;;;;;;;;;;;;;;;;;;;;;;;;;;;;;;;;;;;;;;;;;;;;;
                      =1    42     
                      =1    43     ; This file contains general operations
                      =1    44     ;
                      =1    45     ; Revision History:
                      =1    46     ;    11/02/2013                 Created - Anjian Wu
                      =1    47     ;    11/23/2013                 Added WORD_LOOKUP_ADJUST - Anjian Wu
                      =1    48     
                      =1    49     
                      =1    50     ; General Constants
8086/87/88/186 MACRO ASSEMBLER    CHIPS                                                    19:55:34  11/24/;3  PAGE    2


LOC  OBJ                  LINE     SOURCE

                      =1    51     
  0000                =1    52     ASCII_NULL      EQU     0           ;
  0004                =1    53     nibble_size     EQU     4           ;
  0008                =1    54     BYTE_size       EQU     8           ;
  0010                =1    55     WORD_size       EQU     16          ;
                      =1    56     
  0001                =1    57     TRUE            EQU     1           ;
  0000                =1    58     FALSE           EQU     0           ;
                      =1    59     
  0000                =1    60     RESET           EQU     0           ; General Value for Resetting something
                      =1    61     
  0000                =1    62     CLEAR           EQU     0           ;
                      =1    63     
  0001                =1    64     WORD_LOOKUP_ADJUST  EQU    1           ; Two bytes in one word -> SHL by 2 
                      =1    65     
                      =1    66     ; General Definitions for Main Loops
                      =1    67     
  0001                =1    68     FIRST_RESERVED_VEC      EQU     1           ;reserve vectors 1-3
  0003                =1    69     LAST_RESERVED_VEC       EQU     3       ;
  0100                =1    70     NUM_IRQ_VECTORS     EQU 256     ;number of interrupt vectors
                      =1    71     
                            72     
                            73     ;;;;;;;;;;;;;;;;;;;;;;;;;;;;;;;;;;;;;;;;;;;;;;;;;;;;;;;;;;;;;;;;;;;;;;;;;;;;;;
                            74     ;                                                                            ;
                            75     ;                                 Chip.asm                                   ;
                            76     ;                                EE/CS  51                                   ;
                            77     ;                                 Anjian Wu                                  ;
                            78     ;                               TA: Pipe-mazo                                ;
                            79     ;                                                                            ;
                            80     ;;;;;;;;;;;;;;;;;;;;;;;;;;;;;;;;;;;;;;;;;;;;;;;;;;;;;;;;;;;;;;;;;;;;;;;;;;;;;;
                            81     ;                                 What's in here?
                            82     ;
                            83     ;   InitUserInterfaceCS  -   Initialize the Peripheral Chip Selects on the 80188
                            84     ;                            for Keypad and Display.
                            85     ;
                            86     ;                               Created -> 11-22-2013 - Anjian Wu
                            87     ;;;;;;;;;;;;;;;;;;;;;;;;;;;;;;;;;;;;;;;;;;;;;;;;;;;;;;;;;;;;;;;;;;;;;;;;;;;;;;
                            88     
                            89     ; InitUserInterfaceCS
                            90     ;
                            91     ; Description:       Initialize the Peripheral Chip Selects on the 80188.
                            92     ;
                            93     ; Operation:         Write the initial values to the PACS and MPCS registers.
                            94     ;
                            95     ; Arguments:         None.
                            96     ; Return Value:      None.
                            97     ;
                            98     ; Local Variables:   None.
                            99     ; Shared Variables:  None.
                           100     ; Global Variables:  None.
                           101     ;
                           102     ; Input:             None.
                           103     ; Output:            None.
                           104     ;
                           105     ; Error Handling:    None.
8086/87/88/186 MACRO ASSEMBLER    CHIPS                                                    19:55:34  11/24/;3  PAGE    3


LOC  OBJ                  LINE     SOURCE

                           106     ;
                           107     ; Algorithms:        None.
                           108     ; Data Structures:   None.
                           109     ;
                           110     ; Registers Changed: AX, DX
                           111     ; Stack Depth:       0 words
                           112     ;
                           113     ; Last Modified:     Working -> 11-22-2013 - Anjian Wu
                           114     CGROUP  GROUP   CODE
                           115     
----                       116     CODE    SEGMENT PUBLIC 'CODE'
                           117             ASSUME  CS:CGROUP
                           118     
                           119     
0000                       120     InitUserInterfaceCS  PROC    NEAR; Do what we did for HWK1 part 5 :)
                           121                         PUBLIC InitUserInterfaceCS
                           122     
                           123     
0000 BAA4FF                124             MOV     DX, PACSreg     ;setup to write to PACS register
0003 B80300                125             MOV     AX, PACSval
0006 EE                    126             OUT     DX, AL          ;write PACSval to PACS
                           127     
0007 BAA8FF                128             MOV     DX, MPCSreg     ;setup to write to MPCS register
000A B88301                129             MOV     AX, MPCSval
000D EE                    130             OUT     DX, AL          ;write MPCSval to MPCS
                           131     
                           132     
000E C3                    133             RET                     ;done so return
                           134     
                           135     
                           136     InitUserInterfaceCS  ENDP
                           137     
----                       138     CODE    ENDS
                           139     
                           140     END

ASSEMBLY COMPLETE, NO ERRORS FOUND
