8086/87/88/186 MACRO ASSEMBLER    CHIPS                                                    17:52:38  11/30/;3  PAGE    1


DOS 5.0 (038-N) 8086/87/88/186 MACRO ASSEMBLER V3.1 ASSEMBLY OF MODULE CHIPS
OBJECT MODULE PLACED IN CHIPS.OBJ
ASSEMBLER INVOKED BY:  C:\UTIL\ASM86.EXE CHIPS.ASM M1 DB EP


LOC  OBJ                  LINE     SOURCE

                             1             NAME    chips
                             2 +1  $INCLUDE(chips.inc); Include files
                      =1     3     ;;;;;;;;;;;;;;;;;;;;;;;;;;;;;;;;;;;;;;;;;;;;;;;;;;;;;;;;;;;;;;;;;;;;;;;;;;;;;
                      =1     4     ;                                                                               ;
                      =1     5     ;                                  Chips.INC                                    ;
                      =1     6     ;                           Chip Select Constants                           ;
                      =1     7     ;                                 Include File                              ;
                      =1     8     ;                                                                           ;
                      =1     9     ;;;;;;;;;;;;;;;;;;;;;;;;;;;;;;;;;;;;;;;;;;;;;;;;;;;;;;;;;;;;;;;;;;;;;;;;;;;;;
                      =1    10     
                      =1    11     ; This file contains the definitions for chip select values
                      =1    12     ;
                      =1    13     ; Revision History:
                      =1    14     ;    11/23/2013                 Created - Anjian Wu
                      =1    15     
                      =1    16     
                      =1    17     
                      =1    18     ; Chip Select Register Values
  0003                =1    19     PACSval         EQU     00003H          ;PCS base at 0, 3 wait states
                      =1    20                                             ;0000000000------  starts at address 0
                      =1    21                                             ;----------000---  reserved
                      =1    22                                             ;-------------0--  wait for RDY inputs
                      =1    23                                             ;--------------11  3 wait states
  0183                =1    24     MPCSval         EQU     00183H          ;PCS in I/O space, use PCS5/6, 3 wait states
                      =1    25                                             ;0---------000---  reserved
                      =1    26                                             ;-0000001--------  MCS is 8KB
                      =1    27                                             ;--------1-------  output PCS5/PCS6
                      =1    28                                             ;---------0------  PCS in I/O space
                      =1    29                                             ;-------------0--  wait for RDY inputs
                      =1    30                                             ;--------------11  3 wait states
                      =1    31                                             
  FFA4                =1    32     PACSreg         EQU     0FFA4H          ;address of PACS register
  FFA8                =1    33     MPCSreg         EQU     0FFA8H          ;address of MPCS register
                            34 +1  $INCLUDE(general.inc)
                      =1    35     ;;;;;;;;;;;;;;;;;;;;;;;;;;;;;;;;;;;;;;;;;;;;;;;;;;;;;;;;;;;;;;;;;;;;;;;;;;;;;
                      =1    36     ;                                                                               ;
                      =1    37     ;                                  General.INC                                  ;
                      =1    38     ;                               General Constants                           ;
                      =1    39     ;                                 Include File                              ;
                      =1    40     ;                                                                           ;
                      =1    41     ;;;;;;;;;;;;;;;;;;;;;;;;;;;;;;;;;;;;;;;;;;;;;;;;;;;;;;;;;;;;;;;;;;;;;;;;;;;;;
                      =1    42     
                      =1    43     ; This file contains general operations
                      =1    44     ;
                      =1    45     ; Revision History:
                      =1    46     ;    11/02/2013                 Created - Anjian Wu
                      =1    47     ;    11/23/2013                 Added WORD_LOOKUP_ADJUST - Anjian Wu
                      =1    48     
                      =1    49     
                      =1    50     ; General Constants
8086/87/88/186 MACRO ASSEMBLER    CHIPS                                                    17:52:38  11/30/;3  PAGE    2


LOC  OBJ                  LINE     SOURCE

                      =1    51     
  0000                =1    52     ASCII_NULL      EQU     0           ;
  0004                =1    53     nibble_size     EQU     4           ;
  0008                =1    54     BYTE_size       EQU     8           ;
  0010                =1    55     WORD_size       EQU     16          ;
  0200                =1    56     MAX_Q_LENG          EQU     512          ;Maxlength allowed for byte or word queue
                      =1    57     
  0001                =1    58     TRUE            EQU     1           ;
  0000                =1    59     FALSE           EQU     0           ;
                      =1    60     
  0000                =1    61     RESET           EQU     0           ; General Value for Resetting something
                      =1    62     
  0000                =1    63     CLEAR           EQU     0           ;
                      =1    64     
  0001                =1    65     WORD_LOOKUP_ADJUST  EQU    1           ; Two bytes in one word -> SHL by 1
                      =1    66     
                      =1    67     ; General Definitions for Main Loops
                      =1    68     
  0001                =1    69     FIRST_RESERVED_VEC      EQU     1           ;reserve vectors 1-3
  0003                =1    70     LAST_RESERVED_VEC       EQU     3       ;
  0100                =1    71     NUM_IRQ_VECTORS     EQU 256     ;number of interrupt vectors
                      =1    72     
                      =1    73     ; MainLoop Key Codes
                      =1    74     
  0001                =1    75     KEY_EVENT_KEY       EQU     1   ; Even code indicating key pressed
  0002                =1    76     SER_ERR_KEY         EQU     2   ;
  0003                =1    77     RX_ENQUEUED_KEY     EQU     3   ;
  0004                =1    78     MODEM_KEY           EQU     4   ;
                      =1    79     
                      =1    80     ; General Addresses
                      =1    81     
  FF22                =1    82     INTCtrlReg          EQU     0FF22H  ;EOI interrupt controller       
                            83     
                            84     ;;;;;;;;;;;;;;;;;;;;;;;;;;;;;;;;;;;;;;;;;;;;;;;;;;;;;;;;;;;;;;;;;;;;;;;;;;;;;;
                            85     ;                                                                            ;
                            86     ;                                 Chip.asm                                   ;
                            87     ;                                EE/CS  51                                   ;
                            88     ;                                 Anjian Wu                                  ;
                            89     ;                               TA: Pipe-mazo                                ;
                            90     ;                                                                            ;
                            91     ;;;;;;;;;;;;;;;;;;;;;;;;;;;;;;;;;;;;;;;;;;;;;;;;;;;;;;;;;;;;;;;;;;;;;;;;;;;;;;
                            92     ;                                 What's in here?
                            93     ;
                            94     ;   InitUserInterfaceCS  -   Initialize the Peripheral Chip Selects on the 80188
                            95     ;                            for Keypad and Display.
                            96     ;
                            97     ;                               Created -> 11-22-2013 - Anjian Wu
                            98     ;;;;;;;;;;;;;;;;;;;;;;;;;;;;;;;;;;;;;;;;;;;;;;;;;;;;;;;;;;;;;;;;;;;;;;;;;;;;;;
                            99     
                           100     ; InitUserInterfaceCS
                           101     ;
                           102     ; Description:       Initialize the Peripheral Chip Selects on the 80188.
                           103     ;
                           104     ; Operation:         Write the initial values to the PACS and MPCS registers.
                           105     ;
8086/87/88/186 MACRO ASSEMBLER    CHIPS                                                    17:52:38  11/30/;3  PAGE    3


LOC  OBJ                  LINE     SOURCE

                           106     ; Arguments:         None.
                           107     ; Return Value:      None.
                           108     ;
                           109     ; Local Variables:   None.
                           110     ; Shared Variables:  None.
                           111     ; Global Variables:  None.
                           112     ;
                           113     ; Input:             None.
                           114     ; Output:            None.
                           115     ;
                           116     ; Error Handling:    None.
                           117     ;
                           118     ; Algorithms:        None.
                           119     ; Data Structures:   None.
                           120     ;
                           121     ; Registers Changed: AX, DX
                           122     ; Stack Depth:       0 words
                           123     ;
                           124     ; Last Modified:     Working -> 11-22-2013 - Anjian Wu
                           125     CGROUP  GROUP   CODE
                           126     
----                       127     CODE    SEGMENT PUBLIC 'CODE'
                           128             ASSUME  CS:CGROUP
                           129     
                           130     
0000                       131     InitUserInterfaceCS  PROC    NEAR; Do what we did for HWK1 part 5 :)
                           132                         PUBLIC InitUserInterfaceCS
                           133     
                           134     
0000 BAA4FF                135             MOV     DX, PACSreg     ;setup to write to PACS register
0003 B80300                136             MOV     AX, PACSval
0006 EE                    137             OUT     DX, AL          ;write PACSval to PACS
                           138     
0007 BAA8FF                139             MOV     DX, MPCSreg     ;setup to write to MPCS register
000A B88301                140             MOV     AX, MPCSval
000D EE                    141             OUT     DX, AL          ;write MPCSval to MPCS
                           142     
                           143     
000E C3                    144             RET                     ;done so return
                           145     
                           146     
                           147     InitUserInterfaceCS  ENDP
                           148     
----                       149     CODE    ENDS
                           150     
                           151     END

ASSEMBLY COMPLETE, NO ERRORS FOUND
