8086/87/88/186 MACRO ASSEMBLER    HW7_MAIN                                                 17:52:33  11/30/;3  PAGE    1


DOS 5.0 (038-N) 8086/87/88/186 MACRO ASSEMBLER V3.1 ASSEMBLY OF MODULE HW7_MAIN
OBJECT MODULE PLACED IN HW7_MAIN.OBJ
ASSEMBLER INVOKED BY:  C:\UTIL\ASM86.EXE HW7_MAIN.ASM M1 DB EP


LOC  OBJ                  LINE     SOURCE

                             1     
                             2             NAME    hw7_main
                             3     
                             4     ;;;;;;;;;;;;;;;;;;;;;;;;;;;;;;;;;;;;;;;;;;;;;;;;;;;;;;;;;;;;;;;;;;;;;;;;;;;;;;
                             5     ;                                                                            ;
                             6     ;                                 hw7_main                                   ;
                             7     ;                            Homework #7 Main Loop                           ;
                             8     ;                                EE/CS  51                                   ;
                             9     ;                                 Anjian Wu                                  ;
                            10     ;                               TA: Pipe-mazo                                ;
                            11     ;                                                                            ;
                            12     ;;;;;;;;;;;;;;;;;;;;;;;;;;;;;;;;;;;;;;;;;;;;;;;;;;;;;;;;;;;;;;;;;;;;;;;;;;;;;;
                            13     ;                                 What's in here?
                            14     ;
                            15     ;   Mainloop        -   This is the mainloop that initializes chip selects,
                            16     ;                       timer interrupts, and then LOOPS key functions.
                            17     ;
                            18     ;
                            19     ;
                            20     ;                               Initial Revision -> 11-22-2013 - Anjian Wu
                            21     ;;;;;;;;;;;;;;;;;;;;;;;;;;;;;;;;;;;;;;;;;;;;;;;;;;;;;;;;;;;;;;;;;;;;;;;;;;;;;;
                            22     
                            23     ; Description:      This program tests the motor functions with HW6test.obj
                            24     ;
                            25     ;                   *   First set up chip select for keypad and display.
                            26     ;                   *   Clear all interrupt vectors, and setting up Illegaleventhandl
                                   er
                            27     ;                   *   Initialize Timer0
                            28     ;                   *   Calling Motor initialization function
                            29     ;                   *   Starting interrupts
                            30     ;                   *   Finally just goes into looping indefinitely so that interrupt
                                   s
                            31     ;                       do all the work.
                            32     ;
                            33     ; Input:            Keypad is input for MotorTest (interrupt driven.)
                            34     ; Output:           14 seg Display from MotorTest, and PWM outputs from parallel chip
                                    for motors.
                            35     ;
                            36     ; User Interface:   The output char on 14-seg display which shows test number and PWM
                                    from parallel
                            37     ;                   chip pins. Each time a key is pressed, a new test is set.
                            38     ;
                            39     ; Error Handling:   None.
                            40     ;
                            41     ; Algorithms:       None.
                            42     ;
                            43     ; Data Structures:  None.
                            44     ;
                            45     ; Known Bugs:       None.
                            46     ; Limitations:      None.
8086/87/88/186 MACRO ASSEMBLER    HW7_MAIN                                                 17:52:33  11/30/;3  PAGE    2


LOC  OBJ                  LINE     SOURCE

                            47     ;
                            48     ; Revision History:
                            49     ; History:                      11-11-2013: Pseudo code - Anjian Wu
                            50     ;                               Working -> 11-22-2013 - Anjian Wu
                            51     
                            52     
                            53 +1  $INCLUDE(general.inc); Include files
                      =1    54     ;;;;;;;;;;;;;;;;;;;;;;;;;;;;;;;;;;;;;;;;;;;;;;;;;;;;;;;;;;;;;;;;;;;;;;;;;;;;;
                      =1    55     ;                                                                               ;
                      =1    56     ;                                  General.INC                                  ;
                      =1    57     ;                               General Constants                           ;
                      =1    58     ;                                 Include File                              ;
                      =1    59     ;                                                                           ;
                      =1    60     ;;;;;;;;;;;;;;;;;;;;;;;;;;;;;;;;;;;;;;;;;;;;;;;;;;;;;;;;;;;;;;;;;;;;;;;;;;;;;
                      =1    61     
                      =1    62     ; This file contains general operations
                      =1    63     ;
                      =1    64     ; Revision History:
                      =1    65     ;    11/02/2013                 Created - Anjian Wu
                      =1    66     ;    11/23/2013                 Added WORD_LOOKUP_ADJUST - Anjian Wu
                      =1    67     
                      =1    68     
                      =1    69     ; General Constants
                      =1    70     
  0000                =1    71     ASCII_NULL      EQU     0           ;
  0004                =1    72     nibble_size     EQU     4           ;
  0008                =1    73     BYTE_size       EQU     8           ;
  0010                =1    74     WORD_size       EQU     16          ;
  0200                =1    75     MAX_Q_LENG          EQU     512          ;Maxlength allowed for byte or word queue
                      =1    76     
  0001                =1    77     TRUE            EQU     1           ;
  0000                =1    78     FALSE           EQU     0           ;
                      =1    79     
  0000                =1    80     RESET           EQU     0           ; General Value for Resetting something
                      =1    81     
  0000                =1    82     CLEAR           EQU     0           ;
                      =1    83     
  0001                =1    84     WORD_LOOKUP_ADJUST  EQU    1           ; Two bytes in one word -> SHL by 1
                      =1    85     
                      =1    86     ; General Definitions for Main Loops
                      =1    87     
  0001                =1    88     FIRST_RESERVED_VEC      EQU     1           ;reserve vectors 1-3
  0003                =1    89     LAST_RESERVED_VEC       EQU     3       ;
  0100                =1    90     NUM_IRQ_VECTORS     EQU 256     ;number of interrupt vectors
                      =1    91     
                      =1    92     ; MainLoop Key Codes
                      =1    93     
  0001                =1    94     KEY_EVENT_KEY       EQU     1   ; Even code indicating key pressed
  0002                =1    95     SER_ERR_KEY         EQU     2   ;
  0003                =1    96     RX_ENQUEUED_KEY     EQU     3   ;
  0004                =1    97     MODEM_KEY           EQU     4   ;
                      =1    98     
                      =1    99     ; General Addresses
                      =1   100     
  FF22                =1   101     INTCtrlReg          EQU     0FF22H  ;EOI interrupt controller       
8086/87/88/186 MACRO ASSEMBLER    HW7_MAIN                                                 17:52:33  11/30/;3  PAGE    3


LOC  OBJ                  LINE     SOURCE

                           102 +1  $INCLUDE(timer.inc);
                      =1   103     ;;;;;;;;;;;;;;;;;;;;;;;;;;;;;;;;;;;;;;;;;;;;;;;;;;;;;;;;;;;;;;;;;;;;;;;;;;;;;
                      =1   104     ;                                                                               ;
                      =1   105     ;                                  Timer.INC                                    ;
                      =1   106     ;                              Timer Constants                              ;
                      =1   107     ;                                 Include File                              ;
                      =1   108     ;                                                                           ;
                      =1   109     ;;;;;;;;;;;;;;;;;;;;;;;;;;;;;;;;;;;;;;;;;;;;;;;;;;;;;;;;;;;;;;;;;;;;;;;;;;;;;
                      =1   110     
                      =1   111     ; This file contains the definitions for timers and their interupts
                      =1   112     ;
                      =1   113     ; Revision History:
                      =1   114     ;    11/23/2013                 Created - Anjian Wu
                      =1   115     
                      =1   116     
                      =1   117     
                      =1   118                                             ; Timer Definitions
                      =1   119     
                      =1   120     ; Addresses
  FF56                =1   121     Tmr0Ctrl        EQU     0FF56H          ;address of Timer 0 Control Register
  FF52                =1   122     Tmr0MaxCntA     EQU     0FF52H          ;address of Timer 0 Max Count A Register
  FF50                =1   123     Tmr0Count       EQU     0FF50H          ;address of Timer 0 Count Register
                      =1   124     
  FF5E                =1   125     Tmr1Ctrl        EQU     0FF5EH          ;address of Timer 1 Control Register
  FF52                =1   126     Tmr1MaxCntA     EQU     0FF52H          ;address of Timer 1 Max Count A Register
  FF50                =1   127     Tmr1Count       EQU     0FF50H          ;address of Timer 1 Count Register
                      =1   128     
                      =1   129     
  FF66                =1   130     Tmr2Ctrl        EQU     0FF66H          ;address of Timer 2 Control Register
  FF62                =1   131     Tmr2MaxCnt      EQU     0FF62H          ;address of Timer 2 Max Count A Register
  FF60                =1   132     Tmr2Count       EQU     0FF60H          ;address of Timer 2 Count Register
                      =1   133     
                      =1   134     ; Control Register Values
  E001                =1   135     Tmr0CtrlVal     EQU     0E001H          ;value to write to Timer 0 Control Register
                      =1   136                                             ;1---------------  enable timer
                      =1   137                                             ;-1--------------  write to control
                      =1   138                                             ;--1-------------  enable interrupts
                      =1   139                                             ;----000000------  reserved
                      =1   140                                             ;---0------0-----  read only
                      =1   141                                             ;-----------0----  TMRIN0 is an enable
                      =1   142                                             ;------------00--  count timer 2 outs
                      =1   143                                             ;--------------0-  single counter mode
                      =1   144                                             ;---------------1  continuous mode
                      =1   145     ; Control Register Values
  E001                =1   146     Tmr1CtrlVal     EQU     0E001H          ;value to write to Timer 0 Control Register
                      =1   147                                             ;1---------------  enable timer
                      =1   148                                             ;-1--------------  write to control
                      =1   149                                             ;--1-------------  enable interrupts
                      =1   150                                             ;----000000------  reserved
                      =1   151                                             ;---0------0-----  read only
                      =1   152                                             ;-----------0----  TMRIN0 is an enable
                      =1   153                                             ;------------00--  count timer 2 outs
                      =1   154                                             ;--------------0-  single counter mode
                      =1   155                                             ;---------------1  continuous mode
                      =1   156     
8086/87/88/186 MACRO ASSEMBLER    HW7_MAIN                                                 17:52:33  11/30/;3  PAGE    4


LOC  OBJ                  LINE     SOURCE

                      =1   157     
                      =1   158     ; Control Register Values
                      =1   159                                           
                      =1   160                                             ; Control Register Values
  08CA                =1   161     CTS_PER_MILSEC  EQU     2250            ; 18MHZ/(8 * 1KHz) ~ 2250 counts per MS
  0008                =1   162     TimerEOI        EQU     00008H          ;Timer EOI command (same for all timers)
  8000                =1   163     NonSpecEOI      EQU     08000H          ;Non-specific EOI command
                      =1   164     
  0258                =1   165     COUNT_FOR_30HZ  EQU     600             ; 18,000,000 HZ/(8 * 30 Hz * PWM_WIDTH_MAX) 
                      =1   166                                             ; ~ 600 counts for 30 HZ of PWM
                      =1   167                                             
  00B1                =1   168     COUNT_FOR_100HZ EQU     177             ; 18,000,000 HZ/(8 * 100 Hz * PWM_WIDTH_MAX) 
                      =1   169                                             ; ~ 177 counts for 100 HZ of PWM             
                                                             
                      =1   170                                             
                      =1   171                                             ; NOTE THIS IS APPROXIMATE, Clock is actually
                                    a bit faster
                      =1   172                                             ; than 18 MHZ
                      =1   173     
                      =1   174     
                           175 +1  $INCLUDE(chips.inc);
                      =1   176     ;;;;;;;;;;;;;;;;;;;;;;;;;;;;;;;;;;;;;;;;;;;;;;;;;;;;;;;;;;;;;;;;;;;;;;;;;;;;;
                      =1   177     ;                                                                               ;
                      =1   178     ;                                  Chips.INC                                    ;
                      =1   179     ;                           Chip Select Constants                           ;
                      =1   180     ;                                 Include File                              ;
                      =1   181     ;                                                                           ;
                      =1   182     ;;;;;;;;;;;;;;;;;;;;;;;;;;;;;;;;;;;;;;;;;;;;;;;;;;;;;;;;;;;;;;;;;;;;;;;;;;;;;
                      =1   183     
                      =1   184     ; This file contains the definitions for chip select values
                      =1   185     ;
                      =1   186     ; Revision History:
                      =1   187     ;    11/23/2013                 Created - Anjian Wu
                      =1   188     
                      =1   189     
                      =1   190     
                      =1   191     ; Chip Select Register Values
  0003                =1   192     PACSval         EQU     00003H          ;PCS base at 0, 3 wait states
                      =1   193                                             ;0000000000------  starts at address 0
                      =1   194                                             ;----------000---  reserved
                      =1   195                                             ;-------------0--  wait for RDY inputs
                      =1   196                                             ;--------------11  3 wait states
  0183                =1   197     MPCSval         EQU     00183H          ;PCS in I/O space, use PCS5/6, 3 wait states
                      =1   198                                             ;0---------000---  reserved
                      =1   199                                             ;-0000001--------  MCS is 8KB
                      =1   200                                             ;--------1-------  output PCS5/PCS6
                      =1   201                                             ;---------0------  PCS in I/O space
                      =1   202                                             ;-------------0--  wait for RDY inputs
                      =1   203                                             ;--------------11  3 wait states
                      =1   204                                             
  FFA4                =1   205     PACSreg         EQU     0FFA4H          ;address of PACS register
  FFA8                =1   206     MPCSreg         EQU     0FFA8H          ;address of MPCS register
                           207     
                           208     
                           209     CGROUP  GROUP   CODE
8086/87/88/186 MACRO ASSEMBLER    HW7_MAIN                                                 17:52:33  11/30/;3  PAGE    5


LOC  OBJ                  LINE     SOURCE

                           210     DGROUP  GROUP   STACK, DATA
                           211     
----                       212     CODE    SEGMENT PUBLIC 'CODE'
                           213     
                           214     
                           215             ASSUME  CS:CGROUP, DS:DGROUP
                           216             
                           217     ;external function declarations
                           218             EXTRN   ClrIRQVectors:NEAR          ;For initializing vector table
                           219             EXTRN   InitUserInterfaceCS:NEAR    ;For initializing UI chip selects
                           220             EXTRN   SerialInit:NEAR              ;For initializing motor handler
                           221             EXTRN   Install_Serial:NEAR              ;For initializing motor handler
                           222     
                           223             EXTRN   SerialIOTest:NEAR              ;To test Motor function
0000                       224     START:
                           225     
0000                       226     MAIN:
0000 B8----         R      227             MOV     AX, DGROUP              ;initialize the stack pointer
0003 8ED0                  228             MOV     SS, AX
0005 BCE00190       R      229             MOV     SP, OFFSET(DGROUP:TopOfStack)
                           230     
0009 B8----         R      231             MOV     AX, DGROUP              ;initialize the data segment
000C 8ED8                  232             MOV     DS, AX
                           233     
000E E80000         E      234             CALL    InitUserInterfaceCS     ; Initialize the UI chip selects
0011 E80000         E      235             CALL    ClrIRQVectors           ;
                           236             
                           237             ;CALL    Install_Serial          ;
0014 E80000         E      238             CALL    SerialInit              ; Initialize motor handler
0017 FB                    239             STI                             ; Begin interrupts
                           240     
0018 E80000         E      241             CALL    SerialIOTest               ; Start Glenn's test code
001B                       242     LOOPING:
                           243     
001B EBFE                  244             JMP     LOOPING                 ; Hopefulyl never hit here
                           245     
                           246     
                           247     
                           248     
----                       249     CODE    ENDS
                           250     
                           251     
----                       252     DATA    SEGMENT PUBLIC  'DATA'
                           253     
                           254     ; For setting up data seg.
                           255     
----                       256     DATA    ENDS
                           257     
                           258     ;the stack
                           259     
----                       260     STACK   SEGMENT STACK  'STACK'
                           261     
0000 (80                   262                     DB      80 DUP ('Stack ')       ;240 words
     537461636B20
     )
8086/87/88/186 MACRO ASSEMBLER    HW7_MAIN                                                 17:52:33  11/30/;3  PAGE    6


LOC  OBJ                  LINE     SOURCE

                           263     
01E0                       264     TopOfStack      LABEL   WORD
                           265     
----                       266     STACK   ENDS
                           267     
                           268     
                           269     
                           270             END     START

ASSEMBLY COMPLETE, NO ERRORS FOUND
