8086/87/88/186 MACRO ASSEMBLER    KEYTABLE                                                 13:25:23  12/13/;3  PAGE    1


DOS 5.0 (038-N) 8086/87/88/186 MACRO ASSEMBLER V3.1 ASSEMBLY OF MODULE KEYTABLE
OBJECT MODULE PLACED IN KEYTABLE.OBJ
ASSEMBLER INVOKED BY:  C:\5XTOOLS\ASM86.EXE KEYTABLE.ASM M1 DB EP


LOC  OBJ                  LINE     SOURCE

                             1             NAME  KEYTABLE
                             2     
                             3     ;;;;;;;;;;;;;;;;;;;;;;;;;;;;;;;;;;;;;;;;;;;;;;;;;;;;;;;;;;;;;;;;;;;;;;;;;;;;;;
                             4     ;                                                                            ;
                             5     ;                                   KEYTABLE                                 ;
                             6     ;                           Tables of 4x4 Keypad Codes                       ;
                             7     ;                                                                            ;
                             8     ;;;;;;;;;;;;;;;;;;;;;;;;;;;;;;;;;;;;;;;;;;;;;;;;;;;;;;;;;;;;;;;;;;;;;;;;;;;;;;
                             9     
                            10     ; This file contains tables of the possible 4x4 keypad codes.  
                            11     ; The tables included:
                            12     ;
                            13     ;    KeyHandlerTable - table of codes each possible KEY press for KeyHandler
                            14     ;
                            15     ; Revision History:
                            16     ;    11/15/2013   Anjian Wu              initial revision 
                            17     
                            18     
                            19     
                            20 +1  $INCLUDE(keypad.inc);
                      =1    21     ;;;;;;;;;;;;;;;;;;;;;;;;;;;;;;;;;;;;;;;;;;;;;;;;;;;;;;;;;;;;;;;;;;;;;;;;;;;;;
                      =1    22     ;                                                                           ;
                      =1    23     ;                                  Keypad.INC                                   ;
                      =1    24     ;                               Keypad Constants                            ;
                      =1    25     ;                                 Include File                              ;
                      =1    26     ;                                                                           ;
                      =1    27     ;;;;;;;;;;;;;;;;;;;;;;;;;;;;;;;;;;;;;;;;;;;;;;;;;;;;;;;;;;;;;;;;;;;;;;;;;;;;;
                      =1    28     
                      =1    29     ; This file contains the definitions for the display functions
                      =1    30     ;
                      =1    31     ; Revision History:
                      =1    32     ;    11/02/2013                 Created - Anjian Wu
                      =1    33     
                      =1    34     
                      =1    35     
                      =1    36     ; General Definitions
                      =1    37     
  03E8                =1    38     AUTO_REPEAT     EQU     1000            ; Counter for auto-repeat
                      =1    39     
  0064                =1    40     DEBOUNCE_TARGET EQU     100             ; Count for single key debounce
                      =1    41     
  0004                =1    42     numOfRows               EQU     4               ; number of rows in display
                      =1    43     
  0080                =1    44     KEYOFFSET               EQU     080h            ; Where keypad is first mapped 
                      =1    45     
  000F                =1    46     lownibblemask   EQU     000Fh           ; Used to mask lower nibble
                      =1    47     
  0000                =1    48     NOKEYPRESS      EQU     0               ; Value to indicate no keys pressed
                      =1    49     
                      =1    50     ; Key Definitions
8086/87/88/186 MACRO ASSEMBLER    KEYTABLE                                                 13:25:23  12/13/;3  PAGE    2


LOC  OBJ                  LINE     SOURCE

                      =1    51     
                      =1    52     ; The following are constants that indicate what value maps to each key
                      =1    53     ;                   The way KEYS are arranged is...
                      =1    54     ;                   [0]     [1]   [2]   [3]
                      =1    55     ;                   [4]     [5]   [6]   [7]
                      =1    56     ;                   [8]     [9]   [10]  [11]
                      =1    57     ;                   [12]    [13]  [14]  [15]
  0000                =1    58     KEY0            EQU     0               
  0001                =1    59     KEY1            EQU     1   
  0002                =1    60     KEY2            EQU     2   
  0003                =1    61     KEY3            EQU     3   
  0004                =1    62     KEY4            EQU     4   
  0005                =1    63     KEY5            EQU     5   
  0006                =1    64     KEY6            EQU     6   
  0007                =1    65     KEY7            EQU     7   
  0008                =1    66     KEY8            EQU     8   
  0009                =1    67     KEY9            EQU     9   
  000A                =1    68     KEY10           EQU     10   
  000B                =1    69     KEY11           EQU     11  
  000C                =1    70     KEY12           EQU     12  
  000D                =1    71     KEY13           EQU     13  
  000E                =1    72     KEY14           EQU     14   
  000F                =1    73     KEY15           EQU     15   
  0010                =1    74     NOTAKEY         EQU     16  
                            75     
                            76     
                            77     
                            78     ;setup code group and start the code segment
                            79     CGROUP  GROUP   CODE
                            80     
----                        81     CODE    SEGMENT PUBLIC 'CODE'
                            82     
                            83     
                            84             ASSUME  CS:CGROUP
                            85     
                            86     
                            87     
                            88     
                            89     
                            90     ; KeyHandlerTable
                            91     ;
                            92     ; Description:      This table contains all combinations of KEYs (ROW wise)
                            93     ;                   The way KEYS are mapped physically is...
                            94     ;                   [0]     [1]   [2]   [3]
                            95     ;                   [4]     [5]   [6]   [7]
                            96     ;                   [8]     [9]   [10]  [11]
                            97     ;                   [12]    [13]  [14]  [15]
                            98     ;
                            99     ;                   The values are address mapped to the right key by the bits
                           100     ;                   0-0-[R1]-[R0]:[C3]-[C2]-[C1]-[C0]
                           101     ;
                           102     ;                   Where lower nibble's bits indicates which column is pressed
                           103     ;                   and the lower TWO bits of the upper nibble.
                           104     ;                   
                           105     ;                   Thus the table contains 2^6 entries.
8086/87/88/186 MACRO ASSEMBLER    KEYTABLE                                                 13:25:23  12/13/;3  PAGE    3


LOC  OBJ                  LINE     SOURCE

                           106     ;
                           107     ;                   Advantage: Easier coding by using a table look up
                           108     ;                   Can support multiple key presses (in a row) easily.
                           109     ;
                           110     ;                   Disadvantage: Used up more code segment, but not that much :)
                           111     ;
                           112     ; Author:           Anjian Wu
                           113     ; Last Modified:    11/15/2013
                           114     
                           115     
0000                       116     KeyHandlerTable LABEL   BYTE
                           117                     PUBLIC  KeyHandlerTable
                           118                     
                           119                             ;00[R1][R0]:[C3][C2][C1][C0]
                           120                             
0000 10                    121             DB              NOTAKEY ;       0       ->      00000000        ->
                           122             
0001 00                    123             DB              KEY0    ;       1       ->      00000001        -> KEY0
                           124         
0002 01                    125             DB              KEY1    ;       2       ->      00000010        -> KEY1
                           126             
0003 10                    127             DB              NOTAKEY ;       3       ->      00000011        ->
                           128             
0004 02                    129             DB              KEY2    ;       4       ->      00000100        -> KEY2
                           130             
0005 10                    131             DB              NOTAKEY ;       5       ->      00000101        ->
0006 10                    132             DB              NOTAKEY ;       6       ->      00000110        ->
0007 10                    133             DB              NOTAKEY ;       7       ->      00000111        ->
                           134             
0008 03                    135             DB              KEY3    ;       8       ->      00001000        -> KEY3
                           136             
0009 10                    137             DB              NOTAKEY ;       9       ->      00001001        ->
000A 10                    138             DB              NOTAKEY ;       10      ->      00001010        ->
000B 10                    139             DB              NOTAKEY ;       11      ->      00001011        ->
000C 10                    140             DB              NOTAKEY ;       12      ->      00001100        ->
000D 10                    141             DB              NOTAKEY ;       13      ->      00001101        ->
000E 10                    142             DB              NOTAKEY ;       14      ->      00001110        ->
000F 10                    143             DB              NOTAKEY ;       15      ->      00001111        ->
0010 07                    144             DB              KEY7    ;       16      ->      00010000        ->
                           145             
0011 04                    146             DB              KEY4    ;       17      ->      00010001        -> KEY4
0012 05                    147             DB              KEY5    ;       18      ->      00010010        -> KEY5
                           148             
0013 10                    149             DB              NOTAKEY ;       19      ->      00010011        ->
                           150             
0014 06                    151             DB              KEY6    ;       20      ->      00010100        -> KEY6
                           152             
0015 10                    153             DB              NOTAKEY ;       21      ->      00010101        ->
0016 10                    154             DB              NOTAKEY ;       22      ->      00010110        ->
0017 10                    155             DB              NOTAKEY ;       23      ->      00010111        ->
                           156             
0018 07                    157             DB              KEY7    ;       24      ->      00011000        -> KEY7
                           158             
0019 10                    159             DB              NOTAKEY ;       25      ->      00011001        ->
001A 10                    160             DB              NOTAKEY ;       26      ->      00011010        ->
8086/87/88/186 MACRO ASSEMBLER    KEYTABLE                                                 13:25:23  12/13/;3  PAGE    4


LOC  OBJ                  LINE     SOURCE

001B 10                    161             DB              NOTAKEY ;       27      ->      00011011        ->
001C 10                    162             DB              NOTAKEY ;       28      ->      00011100        ->
001D 10                    163             DB              NOTAKEY ;       29      ->      00011101        ->
001E 10                    164             DB              NOTAKEY ;       30      ->      00011110        ->
001F 10                    165             DB              NOTAKEY ;       31      ->      00011111        ->
0020 10                    166             DB              NOTAKEY ;       32      ->      00100000        -> 
                           167             
0021 08                    168             DB              KEY8    ;       33      ->      00100001        -> KEY8
0022 09                    169             DB              KEY9    ;       34      ->      00100010        -> KEY9
                           170             
0023 10                    171             DB              NOTAKEY ;       35      ->      00100011        ->
                           172             
0024 0A                    173             DB              KEY10   ;       36      ->      00100100        -> KEY10
                           174             
0025 10                    175             DB              NOTAKEY ;       37      ->      00100101        ->
0026 10                    176             DB              NOTAKEY ;       38      ->      00100110        ->
0027 10                    177             DB              NOTAKEY ;       39      ->      00100111        ->
                           178             
0028 0B                    179             DB              KEY11   ;       40      ->      00101000        -> KEY11
                           180             
0029 10                    181             DB              NOTAKEY ;       41      ->      00101001        ->
002A 10                    182             DB              NOTAKEY ;       42      ->      00101010        ->
002B 10                    183             DB              NOTAKEY ;       43      ->      00101011        ->
002C 10                    184             DB              NOTAKEY ;       44      ->      00101100        ->
002D 10                    185             DB              NOTAKEY ;       45      ->      00101101        ->
002E 10                    186             DB              NOTAKEY ;       46      ->      00101110        ->
002F 10                    187             DB              NOTAKEY ;       47      ->      00101111        ->
0030 10                    188             DB              NOTAKEY ;       48      ->      00110000        ->
                           189             
0031 0C                    190             DB              KEY12   ;       49      ->      00110001        -> KEY12
0032 0D                    191             DB              KEY13   ;       50      ->      00110010        -> KEY13
                           192             
0033 10                    193             DB              NOTAKEY ;       51      ->      00110011        ->
                           194             
0034 0E                    195             DB              KEY14   ;       52      ->      00110100        -> KEY14
                           196             
0035 10                    197             DB              NOTAKEY ;       53      ->      00110101        ->
0036 10                    198             DB              NOTAKEY ;       54      ->      00110110        ->
0037 10                    199             DB              NOTAKEY ;       55      ->      00110111        ->
                           200             
0038 0F                    201             DB              KEY15   ;       56      ->      00111000        -> KEY15
                           202             
0039 10                    203             DB              NOTAKEY ;       57      ->      00111001        ->
003A 10                    204             DB              NOTAKEY ;       58      ->      00111010        ->
003B 10                    205             DB              NOTAKEY ;       59      ->      00111011        ->
003C 10                    206             DB              NOTAKEY ;       60      ->      00111100        ->
003D 10                    207             DB              NOTAKEY ;       61      ->      00111101        ->
003E 10                    208             DB              NOTAKEY ;       62      ->      00111110        ->
003F 10                    209             DB              NOTAKEY ;       63      ->      00111111        ->
                           210     
                           211     
                           212     
----                       213     CODE    ENDS
                           214     
                           215     
8086/87/88/186 MACRO ASSEMBLER    KEYTABLE                                                 13:25:23  12/13/;3  PAGE    5


LOC  OBJ                  LINE     SOURCE

                           216     
                           217             END

ASSEMBLY COMPLETE, NO ERRORS FOUND
