8086/87/88/186 MACRO ASSEMBLER    CHIPS                                                    14:52:01  12/07/;3  PAGE    1


DOS 5.0 (038-N) 8086/87/88/186 MACRO ASSEMBLER V3.1 ASSEMBLY OF MODULE CHIPS
OBJECT MODULE PLACED IN CHIPS.OBJ
ASSEMBLER INVOKED BY:  C:\UTIL\ASM86.EXE CHIPS.ASM M1 DB EP


LOC  OBJ                  LINE     SOURCE

                             1             NAME    chips
                             2 +1  $INCLUDE(chips.inc); Include files
                      =1     3     ;;;;;;;;;;;;;;;;;;;;;;;;;;;;;;;;;;;;;;;;;;;;;;;;;;;;;;;;;;;;;;;;;;;;;;;;;;;;;
                      =1     4     ;                                                                               ;
                      =1     5     ;                                  Chips.INC                                    ;
                      =1     6     ;                           Chip Select Constants                           ;
                      =1     7     ;                                 Include File                              ;
                      =1     8     ;                                                                           ;
                      =1     9     ;;;;;;;;;;;;;;;;;;;;;;;;;;;;;;;;;;;;;;;;;;;;;;;;;;;;;;;;;;;;;;;;;;;;;;;;;;;;;
                      =1    10     
                      =1    11     ; This file contains the definitions for chip select values
                      =1    12     ;
                      =1    13     ; Revision History:
                      =1    14     ;    11/23/2013                 Created - Anjian Wu
                      =1    15     
                      =1    16     
                      =1    17     
                      =1    18     ; Chip Select Register Values
  0003                =1    19     PACSval         EQU     00003H          ;PCS base at 0, 3 wait states
                      =1    20                                             ;0000000000------  starts at address 0
                      =1    21                                             ;----------000---  reserved
                      =1    22                                             ;-------------0--  wait for RDY inputs
                      =1    23                                             ;--------------11  3 wait states
  0183                =1    24     MPCSval         EQU     00183H          ;PCS in I/O space, use PCS5/6, 3 wait states
                      =1    25                                             ;0---------000---  reserved
                      =1    26                                             ;-0000001--------  MCS is 8KB
                      =1    27                                             ;--------1-------  output PCS5/PCS6
                      =1    28                                             ;---------0------  PCS in I/O space
                      =1    29                                             ;-------------0--  wait for RDY inputs
                      =1    30                                             ;--------------11  3 wait states
                      =1    31                                             
  FFA4                =1    32     PACSreg         EQU     0FFA4H          ;address of PACS register
  FFA8                =1    33     MPCSreg         EQU     0FFA8H          ;address of MPCS register
                            34 +1  $INCLUDE(general.inc)
                      =1    35     ;;;;;;;;;;;;;;;;;;;;;;;;;;;;;;;;;;;;;;;;;;;;;;;;;;;;;;;;;;;;;;;;;;;;;;;;;;;;;
                      =1    36     ;                                                                               ;
                      =1    37     ;                                  General.INC                                  ;
                      =1    38     ;                               General Constants                           ;
                      =1    39     ;                                 Include File                              ;
                      =1    40     ;                                                                           ;
                      =1    41     ;;;;;;;;;;;;;;;;;;;;;;;;;;;;;;;;;;;;;;;;;;;;;;;;;;;;;;;;;;;;;;;;;;;;;;;;;;;;;
                      =1    42     
                      =1    43     ; This file contains general operations
                      =1    44     ;
                      =1    45     ; Revision History:
                      =1    46     ;    11/02/2013                 Created - Anjian Wu
                      =1    47     ;    11/23/2013                 Added WORD_LOOKUP_ADJUST - Anjian Wu
                      =1    48     ;    12/05/2014         Added FMS_ERROR key, ZERO, changed other keys to 
                      =1    49     ;                       ASCII based - Anjian
                      =1    50     
8086/87/88/186 MACRO ASSEMBLER    CHIPS                                                    14:52:01  12/07/;3  PAGE    2


LOC  OBJ                  LINE     SOURCE

                      =1    51     
                      =1    52     ; General Constants
                      =1    53     
  0000                =1    54     ASCII_NULL      EQU     0           ;
  0004                =1    55     nibble_size     EQU     4           ;
  0008                =1    56     BYTE_size       EQU     8           ;
  0010                =1    57     WORD_size       EQU     16          ;
  0200                =1    58     MAX_Q_LENG          EQU     512          ;Maxlength allowed for byte or word queue
                      =1    59     
  0001                =1    60     TRUE            EQU     1           ;
  0000                =1    61     FALSE           EQU     0           ;
                      =1    62     
  0000                =1    63     RESET           EQU     0           ; General Value for Resetting something
                      =1    64     
  0000                =1    65     CLEAR           EQU     0           ;
                      =1    66     
  0000                =1    67     ZERO            EQU     0           ;
                      =1    68     
  000A                =1    69     DIGIT           EQU     10          ; A digit in base 10 
                      =1    70     
  0001                =1    71     WORD_LOOKUP_ADJUST  EQU    1           ; Two bytes in one word -> SHL by 1
                      =1    72     
                      =1    73     ; General Definitions for Main Loops
                      =1    74     
  0001                =1    75     FIRST_RESERVED_VEC      EQU     1           ;reserve vectors 1-3
  0003                =1    76     LAST_RESERVED_VEC       EQU     3       ;
  0100                =1    77     NUM_IRQ_VECTORS     EQU 256     ;number of interrupt vectors
                      =1    78     
                      =1    79     ; MainLoop Key Codes
                      =1    80     
  0000                =1    81     KEY_EVENT_KEY       EQU     0   ; Event code indicating key pressed
  0001                =1    82     SER_ERR_KEY         EQU     1   ; Event code indicating serial error
  0002                =1    83     RX_ENQUEUED_KEY     EQU     2   ; Event code indicating new rx value gotten
  0003                =1    84     MODEM_KEY           EQU     3   ; Event code indicating modem event
  0004                =1    85     FSM_ERROR           EQU     4   ; Error key showing FSM error
                      =1    86     
                      =1    87     ; General Addresses
                      =1    88     
  FF22                =1    89     INTCtrlReg          EQU     0FF22H  ;EOI interrupt controller       
                            90     
                            91     ;;;;;;;;;;;;;;;;;;;;;;;;;;;;;;;;;;;;;;;;;;;;;;;;;;;;;;;;;;;;;;;;;;;;;;;;;;;;;;
                            92     ;                                                                            ;
                            93     ;                                 Chip.asm                                   ;
                            94     ;                                EE/CS  51                                   ;
                            95     ;                                 Anjian Wu                                  ;
                            96     ;                               TA: Pipe-mazo                                ;
                            97     ;                                                                            ;
                            98     ;;;;;;;;;;;;;;;;;;;;;;;;;;;;;;;;;;;;;;;;;;;;;;;;;;;;;;;;;;;;;;;;;;;;;;;;;;;;;;
                            99     ;                                 What's in here?
                           100     ;
                           101     ;   InitUserInterfaceCS  -   Initialize the Peripheral Chip Selects on the 80188
                           102     ;                            for Keypad and Display.
                           103     ;
                           104     ;                               Created -> 11-22-2013 - Anjian Wu
                           105     ;;;;;;;;;;;;;;;;;;;;;;;;;;;;;;;;;;;;;;;;;;;;;;;;;;;;;;;;;;;;;;;;;;;;;;;;;;;;;;
8086/87/88/186 MACRO ASSEMBLER    CHIPS                                                    14:52:01  12/07/;3  PAGE    3


LOC  OBJ                  LINE     SOURCE

                           106     
                           107     ; InitUserInterfaceCS
                           108     ;
                           109     ; Description:       Initialize the Peripheral Chip Selects on the 80188.
                           110     ;
                           111     ; Operation:         Write the initial values to the PACS and MPCS registers.
                           112     ;
                           113     ; Arguments:         None.
                           114     ; Return Value:      None.
                           115     ;
                           116     ; Local Variables:   None.
                           117     ; Shared Variables:  None.
                           118     ; Global Variables:  None.
                           119     ;
                           120     ; Input:             None.
                           121     ; Output:            None.
                           122     ;
                           123     ; Error Handling:    None.
                           124     ;
                           125     ; Algorithms:        None.
                           126     ; Data Structures:   None.
                           127     ;
                           128     ; Registers Changed: AX, DX
                           129     ; Stack Depth:       0 words
                           130     ;
                           131     ; Last Modified:     Working -> 11-22-2013 - Anjian Wu
                           132     CGROUP  GROUP   CODE
                           133     
----                       134     CODE    SEGMENT PUBLIC 'CODE'
                           135             ASSUME  CS:CGROUP
                           136     
                           137     
0000                       138     InitUserInterfaceCS  PROC    NEAR; Do what we did for HWK1 part 5 :)
                           139                         PUBLIC InitUserInterfaceCS
                           140     
                           141     
0000 BAA4FF                142             MOV     DX, PACSreg     ;setup to write to PACS register
0003 B80300                143             MOV     AX, PACSval
0006 EE                    144             OUT     DX, AL          ;write PACSval to PACS
                           145     
0007 BAA8FF                146             MOV     DX, MPCSreg     ;setup to write to MPCS register
000A B88301                147             MOV     AX, MPCSval
000D EE                    148             OUT     DX, AL          ;write MPCSval to MPCS
                           149     
                           150     
000E C3                    151             RET                     ;done so return
                           152     
                           153     
                           154     InitUserInterfaceCS  ENDP
                           155     
----                       156     CODE    ENDS
                           157     
                           158     END

ASSEMBLY COMPLETE, NO ERRORS FOUND
