8086/87/88/186 MACRO ASSEMBLER    HW8_MAIN                                                 13:21:29  12/08/;3  PAGE    1


DOS 5.0 (038-N) 8086/87/88/186 MACRO ASSEMBLER V3.1 ASSEMBLY OF MODULE HW8_MAIN
OBJECT MODULE PLACED IN HW8_MAIN.OBJ
ASSEMBLER INVOKED BY:  C:\UTIL\ASM86.EXE HW8_MAIN.ASM M1 DB EP


LOC  OBJ                  LINE     SOURCE

                             1     
                             2             NAME    hw8_main
                             3     
                             4     ;;;;;;;;;;;;;;;;;;;;;;;;;;;;;;;;;;;;;;;;;;;;;;;;;;;;;;;;;;;;;;;;;;;;;;;;;;;;;;
                             5     ;                                                                            ;
                             6     ;                                 hw8_main                                   ;
                             7     ;                            Homework #7 Main Loop                           ;
                             8     ;                                EE/CS  51                                   ;
                             9     ;                                 Anjian Wu                                  ;
                            10     ;                               TA: Pipe-mazo                                ;
                            11     ;                                                                            ;
                            12     ;;;;;;;;;;;;;;;;;;;;;;;;;;;;;;;;;;;;;;;;;;;;;;;;;;;;;;;;;;;;;;;;;;;;;;;;;;;;;;
                            13     ;                                 What's in here?
                            14     ;
                            15     ;   Mainloop        -   This is the mainloop that initializes chip selects,
                            16     ;                       parser variables, and then calls ParseTest
                            17     ;
                            18     ;                                 What's was last edit?
                            19     ;
                            20     ;                               Initial Version ->  12-05-2013 - Anjian Wu
                            21     ;;;;;;;;;;;;;;;;;;;;;;;;;;;;;;;;;;;;;;;;;;;;;;;;;;;;;;;;;;;;;;;;;;;;;;;;;;;;;;
                            22     
                            23     ; Description:      This program tests the motor functions with HW8test.obj
                            24     ;
                            25     ;                   *   First set up chip select for keypad and display.
                            26     ;                   *   Clear all interrupt vectors, and setting up Illegaleventhandl
                                   er
                            27     ;                   *   Initialize all Parse State machine
                            28     ;                   *   Starting interrupts
                            29     ;                   *   Call hw8 test code
                            30     ;
                            31     ; Input:            None.
                            32     ; Output:           None.
                            33     ;
                            34     ; User Interface:   Breakpoints.
                            35     ;
                            36     ; Error Handling:   None.
                            37     ;
                            38     ; Algorithms:       None.
                            39     ;
                            40     ; Data Structures:  None.
                            41     ;
                            42     ; Known Bugs:       None.
                            43     ; Limitations:      None.
                            44     ;
                            45     ; Revision History:
                            46     ;                               Initial Version ->  12-05-2013 - Anjian Wu
                            47     ;                               Documentation ->  12-08-2013 - Anjian Wu
                            48     ;------------------------------------------------------------------------------------
                                   ----
8086/87/88/186 MACRO ASSEMBLER    HW8_MAIN                                                 13:21:29  12/08/;3  PAGE    2


LOC  OBJ                  LINE     SOURCE

                            49     
                            50 +1  $INCLUDE(general.inc); Include files
                      =1    51     ;;;;;;;;;;;;;;;;;;;;;;;;;;;;;;;;;;;;;;;;;;;;;;;;;;;;;;;;;;;;;;;;;;;;;;;;;;;;;
                      =1    52     ;                                                                               ;
                      =1    53     ;                                  General.INC                                  ;
                      =1    54     ;                               General Constants                           ;
                      =1    55     ;                                 Include File                              ;
                      =1    56     ;                                                                           ;
                      =1    57     ;;;;;;;;;;;;;;;;;;;;;;;;;;;;;;;;;;;;;;;;;;;;;;;;;;;;;;;;;;;;;;;;;;;;;;;;;;;;;
                      =1    58     
                      =1    59     ; This file contains general operations
                      =1    60     ;
                      =1    61     ; Revision History:
                      =1    62     ;    11/02/2013                 Created - Anjian Wu
                      =1    63     ;    11/23/2013                 Added WORD_LOOKUP_ADJUST - Anjian Wu
                      =1    64     ;    12/05/2014         Added FMS_ERROR key, ZERO, changed other keys to 
                      =1    65     ;                       ASCII based - Anjian
                      =1    66     
                      =1    67     
                      =1    68     ; General Constants
                      =1    69     
  0000                =1    70     ASCII_NULL      EQU     0           ;
  0004                =1    71     nibble_size     EQU     4           ;
  0008                =1    72     BYTE_size       EQU     8           ;
  0010                =1    73     WORD_size       EQU     16          ;
  0200                =1    74     MAX_Q_LENG          EQU     512          ;Maxlength allowed for byte or word queue
                      =1    75     
  0001                =1    76     TRUE            EQU     1           ;
  0000                =1    77     FALSE           EQU     0           ;
                      =1    78     
  0000                =1    79     RESET           EQU     0           ; General Value for Resetting something
                      =1    80     
  0000                =1    81     CLEAR           EQU     0           ;
                      =1    82     
  0000                =1    83     ZERO            EQU     0           ;
                      =1    84     
  000A                =1    85     DIGIT           EQU     10          ; A digit in base 10 
                      =1    86     
  0001                =1    87     WORD_LOOKUP_ADJUST  EQU    1           ; Two bytes in one word -> SHL by 1
                      =1    88     
                      =1    89     ; General Definitions for Main Loops
                      =1    90     
  0001                =1    91     FIRST_RESERVED_VEC      EQU     1           ;reserve vectors 1-3
  0003                =1    92     LAST_RESERVED_VEC       EQU     3       ;
  0100                =1    93     NUM_IRQ_VECTORS     EQU 256     ;number of interrupt vectors
                      =1    94     
                      =1    95     ; MainLoop Key Codes
                      =1    96     
  0000                =1    97     KEY_EVENT_KEY       EQU     0   ; Event code indicating key pressed
  0001                =1    98     SER_ERR_KEY         EQU     1   ; Event code indicating serial error
  0002                =1    99     RX_ENQUEUED_KEY     EQU     2   ; Event code indicating new rx value gotten
  0003                =1   100     MODEM_KEY           EQU     3   ; Event code indicating modem event
  0004                =1   101     FSM_ERROR           EQU     4   ; Error key showing FSM error
                      =1   102     
                      =1   103     ; General Addresses
8086/87/88/186 MACRO ASSEMBLER    HW8_MAIN                                                 13:21:29  12/08/;3  PAGE    3


LOC  OBJ                  LINE     SOURCE

                      =1   104     
  FF22                =1   105     INTCtrlReg          EQU     0FF22H  ;EOI interrupt controller       
                           106 +1  $INCLUDE(timer.inc);
                      =1   107     ;;;;;;;;;;;;;;;;;;;;;;;;;;;;;;;;;;;;;;;;;;;;;;;;;;;;;;;;;;;;;;;;;;;;;;;;;;;;;
                      =1   108     ;                                                                               ;
                      =1   109     ;                                  Timer.INC                                    ;
                      =1   110     ;                              Timer Constants                              ;
                      =1   111     ;                                 Include File                              ;
                      =1   112     ;                                                                           ;
                      =1   113     ;;;;;;;;;;;;;;;;;;;;;;;;;;;;;;;;;;;;;;;;;;;;;;;;;;;;;;;;;;;;;;;;;;;;;;;;;;;;;
                      =1   114     
                      =1   115     ; This file contains the definitions for timers and their interupts
                      =1   116     ;
                      =1   117     ; Revision History:
                      =1   118     ;    11/23/2013                 Created - Anjian Wu
                      =1   119     
                      =1   120     
                      =1   121     
                      =1   122                                             ; Timer Definitions
                      =1   123     
                      =1   124     ; Addresses
  FF56                =1   125     Tmr0Ctrl        EQU     0FF56H          ;address of Timer 0 Control Register
  FF52                =1   126     Tmr0MaxCntA     EQU     0FF52H          ;address of Timer 0 Max Count A Register
  FF50                =1   127     Tmr0Count       EQU     0FF50H          ;address of Timer 0 Count Register
                      =1   128     
  FF5E                =1   129     Tmr1Ctrl        EQU     0FF5EH          ;address of Timer 1 Control Register
  FF52                =1   130     Tmr1MaxCntA     EQU     0FF52H          ;address of Timer 1 Max Count A Register
  FF50                =1   131     Tmr1Count       EQU     0FF50H          ;address of Timer 1 Count Register
                      =1   132     
                      =1   133     
  FF66                =1   134     Tmr2Ctrl        EQU     0FF66H          ;address of Timer 2 Control Register
  FF62                =1   135     Tmr2MaxCnt      EQU     0FF62H          ;address of Timer 2 Max Count A Register
  FF60                =1   136     Tmr2Count       EQU     0FF60H          ;address of Timer 2 Count Register
                      =1   137     
                      =1   138     ; Control Register Values
  E001                =1   139     Tmr0CtrlVal     EQU     0E001H          ;value to write to Timer 0 Control Register
                      =1   140                                             ;1---------------  enable timer
                      =1   141                                             ;-1--------------  write to control
                      =1   142                                             ;--1-------------  enable interrupts
                      =1   143                                             ;----000000------  reserved
                      =1   144                                             ;---0------0-----  read only
                      =1   145                                             ;-----------0----  TMRIN0 is an enable
                      =1   146                                             ;------------00--  count timer 2 outs
                      =1   147                                             ;--------------0-  single counter mode
                      =1   148                                             ;---------------1  continuous mode
                      =1   149     ; Control Register Values
  E001                =1   150     Tmr1CtrlVal     EQU     0E001H          ;value to write to Timer 0 Control Register
                      =1   151                                             ;1---------------  enable timer
                      =1   152                                             ;-1--------------  write to control
                      =1   153                                             ;--1-------------  enable interrupts
                      =1   154                                             ;----000000------  reserved
                      =1   155                                             ;---0------0-----  read only
                      =1   156                                             ;-----------0----  TMRIN0 is an enable
                      =1   157                                             ;------------00--  count timer 2 outs
                      =1   158                                             ;--------------0-  single counter mode
8086/87/88/186 MACRO ASSEMBLER    HW8_MAIN                                                 13:21:29  12/08/;3  PAGE    4


LOC  OBJ                  LINE     SOURCE

                      =1   159                                             ;---------------1  continuous mode
                      =1   160     
                      =1   161     
                      =1   162     ; Control Register Values
                      =1   163                                           
                      =1   164                                             ; Control Register Values
  08CA                =1   165     CTS_PER_MILSEC  EQU     2250            ; 18MHZ/(8 * 1KHz) ~ 2250 counts per MS
  0008                =1   166     TimerEOI        EQU     00008H          ;Timer EOI command (same for all timers)
  8000                =1   167     NonSpecEOI      EQU     08000H          ;Non-specific EOI command
                      =1   168     
  0258                =1   169     COUNT_FOR_30HZ  EQU     600             ; 18,000,000 HZ/(8 * 30 Hz * PWM_WIDTH_MAX) 
                      =1   170                                             ; ~ 600 counts for 30 HZ of PWM
                      =1   171                                             
  00B1                =1   172     COUNT_FOR_100HZ EQU     177             ; 18,000,000 HZ/(8 * 100 Hz * PWM_WIDTH_MAX) 
                      =1   173                                             ; ~ 177 counts for 100 HZ of PWM             
                                                             
                      =1   174                                             
                      =1   175                                             ; NOTE THIS IS APPROXIMATE, Clock is actually
                                    a bit faster
                      =1   176                                             ; than 18 MHZ
                      =1   177     
                      =1   178     
                           179 +1  $INCLUDE(chips.inc);
                      =1   180     ;;;;;;;;;;;;;;;;;;;;;;;;;;;;;;;;;;;;;;;;;;;;;;;;;;;;;;;;;;;;;;;;;;;;;;;;;;;;;
                      =1   181     ;                                                                               ;
                      =1   182     ;                                  Chips.INC                                    ;
                      =1   183     ;                           Chip Select Constants                           ;
                      =1   184     ;                                 Include File                              ;
                      =1   185     ;                                                                           ;
                      =1   186     ;;;;;;;;;;;;;;;;;;;;;;;;;;;;;;;;;;;;;;;;;;;;;;;;;;;;;;;;;;;;;;;;;;;;;;;;;;;;;
                      =1   187     
                      =1   188     ; This file contains the definitions for chip select values
                      =1   189     ;
                      =1   190     ; Revision History:
                      =1   191     ;    11/23/2013                 Created - Anjian Wu
                      =1   192     
                      =1   193     
                      =1   194     
                      =1   195     ; Chip Select Register Values
  0003                =1   196     PACSval         EQU     00003H          ;PCS base at 0, 3 wait states
                      =1   197                                             ;0000000000------  starts at address 0
                      =1   198                                             ;----------000---  reserved
                      =1   199                                             ;-------------0--  wait for RDY inputs
                      =1   200                                             ;--------------11  3 wait states
  0183                =1   201     MPCSval         EQU     00183H          ;PCS in I/O space, use PCS5/6, 3 wait states
                      =1   202                                             ;0---------000---  reserved
                      =1   203                                             ;-0000001--------  MCS is 8KB
                      =1   204                                             ;--------1-------  output PCS5/PCS6
                      =1   205                                             ;---------0------  PCS in I/O space
                      =1   206                                             ;-------------0--  wait for RDY inputs
                      =1   207                                             ;--------------11  3 wait states
                      =1   208                                             
  FFA4                =1   209     PACSreg         EQU     0FFA4H          ;address of PACS register
  FFA8                =1   210     MPCSreg         EQU     0FFA8H          ;address of MPCS register
                           211     
8086/87/88/186 MACRO ASSEMBLER    HW8_MAIN                                                 13:21:29  12/08/;3  PAGE    5


LOC  OBJ                  LINE     SOURCE

                           212     
                           213     CGROUP  GROUP   CODE
                           214     DGROUP  GROUP   STACK, DATA
                           215     
----                       216     CODE    SEGMENT PUBLIC 'CODE'
                           217     
                           218     
                           219             ASSUME  CS:CGROUP, DS:DGROUP
                           220             
                           221     ;external function declarations
                           222             EXTRN   ClrIRQVectors:NEAR          ;For initializing vector table
                           223             EXTRN   InitUserInterfaceCS:NEAR    ;For initializing UI chip selects
                           224             EXTRN   ParseReset:NEAR             ;For initializing motor handler
                           225             EXTRN   ParseTest:NEAR           ;To test Motor function
0000                       226     START:
                           227     
0000                       228     MAIN:
0000 B8----         R      229             MOV     AX, DGROUP              ;initialize the stack pointer
0003 8ED0                  230             MOV     SS, AX
0005 BCE00190       R      231             MOV     SP, OFFSET(DGROUP:TopOfStack)
                           232     
0009 B8----         R      233             MOV     AX, DGROUP              ;initialize the data segment
000C 8ED8                  234             MOV     DS, AX
                           235     
000E E80000         E      236             CALL    InitUserInterfaceCS     ; Initialize the UI chip selects
0011 E80000         E      237             CALL    ClrIRQVectors           ;
                           238             
0014 E80000         E      239             CALL    ParseReset              ; Initialize Parser functions
                           240     
                           241     
0017 E80000         E      242             CALL    ParseTest               ; Start Glenn's test code
001A                       243     LOOPING:
                           244     
001A EBFE                  245             JMP     LOOPING                 ; Hopefully never hit here
                           246     
                           247     
                           248     
                           249     
----                       250     CODE    ENDS
                           251     
                           252     
----                       253     DATA    SEGMENT PUBLIC  'DATA'
                           254     
                           255     ; For setting up data seg.
                           256     
----                       257     DATA    ENDS
                           258     
                           259     ;the stack
                           260     
----                       261     STACK   SEGMENT STACK  'STACK'
                           262     
0000 (80                   263                     DB      80 DUP ('Stack ')       ;240 words
     537461636B20
     )
                           264     
8086/87/88/186 MACRO ASSEMBLER    HW8_MAIN                                                 13:21:29  12/08/;3  PAGE    6


LOC  OBJ                  LINE     SOURCE

01E0                       265     TopOfStack      LABEL   WORD
                           266     
----                       267     STACK   ENDS
                           268     
                           269     
                           270     
                           271             END     START

ASSEMBLY COMPLETE, NO ERRORS FOUND
