8086/87/88/186 MACRO ASSEMBLER    HW8_MAIN                                                 14:51:59  12/07/;3  PAGE    1


DOS 5.0 (038-N) 8086/87/88/186 MACRO ASSEMBLER V3.1 ASSEMBLY OF MODULE HW8_MAIN
OBJECT MODULE PLACED IN HW8_MAIN.OBJ
ASSEMBLER INVOKED BY:  C:\UTIL\ASM86.EXE HW8_MAIN.ASM M1 DB EP


LOC  OBJ                  LINE     SOURCE

                             1     
                             2             NAME    hw8_main
                             3     
                             4     ;;;;;;;;;;;;;;;;;;;;;;;;;;;;;;;;;;;;;;;;;;;;;;;;;;;;;;;;;;;;;;;;;;;;;;;;;;;;;;
                             5     ;                                                                            ;
                             6     ;                                 hw8_main                                   ;
                             7     ;                            Homework #7 Main Loop                           ;
                             8     ;                                EE/CS  51                                   ;
                             9     ;                                 Anjian Wu                                  ;
                            10     ;                               TA: Pipe-mazo                                ;
                            11     ;                                                                            ;
                            12     ;;;;;;;;;;;;;;;;;;;;;;;;;;;;;;;;;;;;;;;;;;;;;;;;;;;;;;;;;;;;;;;;;;;;;;;;;;;;;;
                            13     ;                                 What's in here?
                            14     ;
                            15     ;   Mainloop        -   This is the mainloop that initializes chip selects,
                            16     ;                       timer interrupts, and then LOOPS key functions.
                            17     ;
                            18     ;                                 What's was last edit?
                            19     ;
                            20     ;                               Initial Version ->  12-05-2013 - Anjian Wu
                            21     ;;;;;;;;;;;;;;;;;;;;;;;;;;;;;;;;;;;;;;;;;;;;;;;;;;;;;;;;;;;;;;;;;;;;;;;;;;;;;;
                            22     
                            23     ; Description:      This program tests the motor functions with HW8test.obj
                            24     ;
                            25     ;                   *   First set up chip select for keypad and display.
                            26     ;                   *   Clear all interrupt vectors, and setting up Illegaleventhandl
                                   er
                            27     ;                   *   Initialize all Parse State machine
                            28     ;                   *   Starting interrupts
                            29     ;                   *   Call hw8 test code
                            30     ;
                            31     ; Input:            None.
                            32     ; Output:           None.
                            33     ;
                            34     ; User Interface:   Breakpoints.
                            35     ;
                            36     ; Error Handling:   None.
                            37     ;
                            38     ; Algorithms:       None.
                            39     ;
                            40     ; Data Structures:  None.
                            41     ;
                            42     ; Known Bugs:       None.
                            43     ; Limitations:      None.
                            44     ;
                            45     ; Revision History:
                            46     ;                               Initial Version ->  12-05-2013 - Anjian Wu
                            47     ;------------------------------------------------------------------------------------
                                   ----
                            48     
8086/87/88/186 MACRO ASSEMBLER    HW8_MAIN                                                 14:51:59  12/07/;3  PAGE    2


LOC  OBJ                  LINE     SOURCE

                            49 +1  $INCLUDE(general.inc); Include files
                      =1    50     ;;;;;;;;;;;;;;;;;;;;;;;;;;;;;;;;;;;;;;;;;;;;;;;;;;;;;;;;;;;;;;;;;;;;;;;;;;;;;
                      =1    51     ;                                                                               ;
                      =1    52     ;                                  General.INC                                  ;
                      =1    53     ;                               General Constants                           ;
                      =1    54     ;                                 Include File                              ;
                      =1    55     ;                                                                           ;
                      =1    56     ;;;;;;;;;;;;;;;;;;;;;;;;;;;;;;;;;;;;;;;;;;;;;;;;;;;;;;;;;;;;;;;;;;;;;;;;;;;;;
                      =1    57     
                      =1    58     ; This file contains general operations
                      =1    59     ;
                      =1    60     ; Revision History:
                      =1    61     ;    11/02/2013                 Created - Anjian Wu
                      =1    62     ;    11/23/2013                 Added WORD_LOOKUP_ADJUST - Anjian Wu
                      =1    63     ;    12/05/2014         Added FMS_ERROR key, ZERO, changed other keys to 
                      =1    64     ;                       ASCII based - Anjian
                      =1    65     
                      =1    66     
                      =1    67     ; General Constants
                      =1    68     
  0000                =1    69     ASCII_NULL      EQU     0           ;
  0004                =1    70     nibble_size     EQU     4           ;
  0008                =1    71     BYTE_size       EQU     8           ;
  0010                =1    72     WORD_size       EQU     16          ;
  0200                =1    73     MAX_Q_LENG          EQU     512          ;Maxlength allowed for byte or word queue
                      =1    74     
  0001                =1    75     TRUE            EQU     1           ;
  0000                =1    76     FALSE           EQU     0           ;
                      =1    77     
  0000                =1    78     RESET           EQU     0           ; General Value for Resetting something
                      =1    79     
  0000                =1    80     CLEAR           EQU     0           ;
                      =1    81     
  0000                =1    82     ZERO            EQU     0           ;
                      =1    83     
  000A                =1    84     DIGIT           EQU     10          ; A digit in base 10 
                      =1    85     
  0001                =1    86     WORD_LOOKUP_ADJUST  EQU    1           ; Two bytes in one word -> SHL by 1
                      =1    87     
                      =1    88     ; General Definitions for Main Loops
                      =1    89     
  0001                =1    90     FIRST_RESERVED_VEC      EQU     1           ;reserve vectors 1-3
  0003                =1    91     LAST_RESERVED_VEC       EQU     3       ;
  0100                =1    92     NUM_IRQ_VECTORS     EQU 256     ;number of interrupt vectors
                      =1    93     
                      =1    94     ; MainLoop Key Codes
                      =1    95     
  0000                =1    96     KEY_EVENT_KEY       EQU     0   ; Event code indicating key pressed
  0001                =1    97     SER_ERR_KEY         EQU     1   ; Event code indicating serial error
  0002                =1    98     RX_ENQUEUED_KEY     EQU     2   ; Event code indicating new rx value gotten
  0003                =1    99     MODEM_KEY           EQU     3   ; Event code indicating modem event
  0004                =1   100     FSM_ERROR           EQU     4   ; Error key showing FSM error
                      =1   101     
                      =1   102     ; General Addresses
                      =1   103     
8086/87/88/186 MACRO ASSEMBLER    HW8_MAIN                                                 14:51:59  12/07/;3  PAGE    3


LOC  OBJ                  LINE     SOURCE

  FF22                =1   104     INTCtrlReg          EQU     0FF22H  ;EOI interrupt controller       
                           105 +1  $INCLUDE(timer.inc);
                      =1   106     ;;;;;;;;;;;;;;;;;;;;;;;;;;;;;;;;;;;;;;;;;;;;;;;;;;;;;;;;;;;;;;;;;;;;;;;;;;;;;
                      =1   107     ;                                                                               ;
                      =1   108     ;                                  Timer.INC                                    ;
                      =1   109     ;                              Timer Constants                              ;
                      =1   110     ;                                 Include File                              ;
                      =1   111     ;                                                                           ;
                      =1   112     ;;;;;;;;;;;;;;;;;;;;;;;;;;;;;;;;;;;;;;;;;;;;;;;;;;;;;;;;;;;;;;;;;;;;;;;;;;;;;
                      =1   113     
                      =1   114     ; This file contains the definitions for timers and their interupts
                      =1   115     ;
                      =1   116     ; Revision History:
                      =1   117     ;    11/23/2013                 Created - Anjian Wu
                      =1   118     
                      =1   119     
                      =1   120     
                      =1   121                                             ; Timer Definitions
                      =1   122     
                      =1   123     ; Addresses
  FF56                =1   124     Tmr0Ctrl        EQU     0FF56H          ;address of Timer 0 Control Register
  FF52                =1   125     Tmr0MaxCntA     EQU     0FF52H          ;address of Timer 0 Max Count A Register
  FF50                =1   126     Tmr0Count       EQU     0FF50H          ;address of Timer 0 Count Register
                      =1   127     
  FF5E                =1   128     Tmr1Ctrl        EQU     0FF5EH          ;address of Timer 1 Control Register
  FF52                =1   129     Tmr1MaxCntA     EQU     0FF52H          ;address of Timer 1 Max Count A Register
  FF50                =1   130     Tmr1Count       EQU     0FF50H          ;address of Timer 1 Count Register
                      =1   131     
                      =1   132     
  FF66                =1   133     Tmr2Ctrl        EQU     0FF66H          ;address of Timer 2 Control Register
  FF62                =1   134     Tmr2MaxCnt      EQU     0FF62H          ;address of Timer 2 Max Count A Register
  FF60                =1   135     Tmr2Count       EQU     0FF60H          ;address of Timer 2 Count Register
                      =1   136     
                      =1   137     ; Control Register Values
  E001                =1   138     Tmr0CtrlVal     EQU     0E001H          ;value to write to Timer 0 Control Register
                      =1   139                                             ;1---------------  enable timer
                      =1   140                                             ;-1--------------  write to control
                      =1   141                                             ;--1-------------  enable interrupts
                      =1   142                                             ;----000000------  reserved
                      =1   143                                             ;---0------0-----  read only
                      =1   144                                             ;-----------0----  TMRIN0 is an enable
                      =1   145                                             ;------------00--  count timer 2 outs
                      =1   146                                             ;--------------0-  single counter mode
                      =1   147                                             ;---------------1  continuous mode
                      =1   148     ; Control Register Values
  E001                =1   149     Tmr1CtrlVal     EQU     0E001H          ;value to write to Timer 0 Control Register
                      =1   150                                             ;1---------------  enable timer
                      =1   151                                             ;-1--------------  write to control
                      =1   152                                             ;--1-------------  enable interrupts
                      =1   153                                             ;----000000------  reserved
                      =1   154                                             ;---0------0-----  read only
                      =1   155                                             ;-----------0----  TMRIN0 is an enable
                      =1   156                                             ;------------00--  count timer 2 outs
                      =1   157                                             ;--------------0-  single counter mode
                      =1   158                                             ;---------------1  continuous mode
8086/87/88/186 MACRO ASSEMBLER    HW8_MAIN                                                 14:51:59  12/07/;3  PAGE    4


LOC  OBJ                  LINE     SOURCE

                      =1   159     
                      =1   160     
                      =1   161     ; Control Register Values
                      =1   162                                           
                      =1   163                                             ; Control Register Values
  08CA                =1   164     CTS_PER_MILSEC  EQU     2250            ; 18MHZ/(8 * 1KHz) ~ 2250 counts per MS
  0008                =1   165     TimerEOI        EQU     00008H          ;Timer EOI command (same for all timers)
  8000                =1   166     NonSpecEOI      EQU     08000H          ;Non-specific EOI command
                      =1   167     
  0258                =1   168     COUNT_FOR_30HZ  EQU     600             ; 18,000,000 HZ/(8 * 30 Hz * PWM_WIDTH_MAX) 
                      =1   169                                             ; ~ 600 counts for 30 HZ of PWM
                      =1   170                                             
  00B1                =1   171     COUNT_FOR_100HZ EQU     177             ; 18,000,000 HZ/(8 * 100 Hz * PWM_WIDTH_MAX) 
                      =1   172                                             ; ~ 177 counts for 100 HZ of PWM             
                                                             
                      =1   173                                             
                      =1   174                                             ; NOTE THIS IS APPROXIMATE, Clock is actually
                                    a bit faster
                      =1   175                                             ; than 18 MHZ
                      =1   176     
                      =1   177     
                           178 +1  $INCLUDE(chips.inc);
                      =1   179     ;;;;;;;;;;;;;;;;;;;;;;;;;;;;;;;;;;;;;;;;;;;;;;;;;;;;;;;;;;;;;;;;;;;;;;;;;;;;;
                      =1   180     ;                                                                               ;
                      =1   181     ;                                  Chips.INC                                    ;
                      =1   182     ;                           Chip Select Constants                           ;
                      =1   183     ;                                 Include File                              ;
                      =1   184     ;                                                                           ;
                      =1   185     ;;;;;;;;;;;;;;;;;;;;;;;;;;;;;;;;;;;;;;;;;;;;;;;;;;;;;;;;;;;;;;;;;;;;;;;;;;;;;
                      =1   186     
                      =1   187     ; This file contains the definitions for chip select values
                      =1   188     ;
                      =1   189     ; Revision History:
                      =1   190     ;    11/23/2013                 Created - Anjian Wu
                      =1   191     
                      =1   192     
                      =1   193     
                      =1   194     ; Chip Select Register Values
  0003                =1   195     PACSval         EQU     00003H          ;PCS base at 0, 3 wait states
                      =1   196                                             ;0000000000------  starts at address 0
                      =1   197                                             ;----------000---  reserved
                      =1   198                                             ;-------------0--  wait for RDY inputs
                      =1   199                                             ;--------------11  3 wait states
  0183                =1   200     MPCSval         EQU     00183H          ;PCS in I/O space, use PCS5/6, 3 wait states
                      =1   201                                             ;0---------000---  reserved
                      =1   202                                             ;-0000001--------  MCS is 8KB
                      =1   203                                             ;--------1-------  output PCS5/PCS6
                      =1   204                                             ;---------0------  PCS in I/O space
                      =1   205                                             ;-------------0--  wait for RDY inputs
                      =1   206                                             ;--------------11  3 wait states
                      =1   207                                             
  FFA4                =1   208     PACSreg         EQU     0FFA4H          ;address of PACS register
  FFA8                =1   209     MPCSreg         EQU     0FFA8H          ;address of MPCS register
                           210     
                           211     
8086/87/88/186 MACRO ASSEMBLER    HW8_MAIN                                                 14:51:59  12/07/;3  PAGE    5


LOC  OBJ                  LINE     SOURCE

                           212     CGROUP  GROUP   CODE
                           213     DGROUP  GROUP   STACK, DATA
                           214     
----                       215     CODE    SEGMENT PUBLIC 'CODE'
                           216     
                           217     
                           218             ASSUME  CS:CGROUP, DS:DGROUP
                           219             
                           220     ;external function declarations
                           221             EXTRN   ClrIRQVectors:NEAR          ;For initializing vector table
                           222             EXTRN   InitUserInterfaceCS:NEAR    ;For initializing UI chip selects
                           223             EXTRN   ParseReset:NEAR             ;For initializing motor handler
                           224             EXTRN   ParseTest:NEAR           ;To test Motor function
0000                       225     START:
                           226     
0000                       227     MAIN:
0000 B8----         R      228             MOV     AX, DGROUP              ;initialize the stack pointer
0003 8ED0                  229             MOV     SS, AX
0005 BCE00190       R      230             MOV     SP, OFFSET(DGROUP:TopOfStack)
                           231     
0009 B8----         R      232             MOV     AX, DGROUP              ;initialize the data segment
000C 8ED8                  233             MOV     DS, AX
                           234     
000E E80000         E      235             CALL    InitUserInterfaceCS     ; Initialize the UI chip selects
0011 E80000         E      236             CALL    ClrIRQVectors           ;
                           237             
0014 E80000         E      238             CALL    ParseReset              ; Initialize Serial functions and chip
0017 FB                    239             STI                             ; Begin interrupts
                           240     
0018 E80000         E      241             CALL    ParseTest               ; Start Glenn's test code
001B                       242     LOOPING:
                           243     
001B EBFE                  244             JMP     LOOPING                 ; Hopefully never hit here
                           245     
                           246     
                           247     
                           248     
----                       249     CODE    ENDS
                           250     
                           251     
----                       252     DATA    SEGMENT PUBLIC  'DATA'
                           253     
                           254     ; For setting up data seg.
                           255     
----                       256     DATA    ENDS
                           257     
                           258     ;the stack
                           259     
----                       260     STACK   SEGMENT STACK  'STACK'
                           261     
0000 (80                   262                     DB      80 DUP ('Stack ')       ;240 words
     537461636B20
     )
                           263     
01E0                       264     TopOfStack      LABEL   WORD
8086/87/88/186 MACRO ASSEMBLER    HW8_MAIN                                                 14:51:59  12/07/;3  PAGE    6


LOC  OBJ                  LINE     SOURCE

                           265     
----                       266     STACK   ENDS
                           267     
                           268     
                           269     
                           270             END     START

ASSEMBLY COMPLETE, NO ERRORS FOUND
