8086/87/88/186 MACRO ASSEMBLER    CHIPS                                                    13:39:20  12/13/;3  PAGE    1


DOS 5.0 (038-N) 8086/87/88/186 MACRO ASSEMBLER V3.1 ASSEMBLY OF MODULE CHIPS
OBJECT MODULE PLACED IN CHIPS.OBJ
ASSEMBLER INVOKED BY:  C:\5XTOOLS\ASM86.EXE CHIPS.ASM M1 DB EP


LOC  OBJ                  LINE     SOURCE

                             1             NAME    chips
                             2 +1  $INCLUDE(chips.inc); Include files
                      =1     3     ;;;;;;;;;;;;;;;;;;;;;;;;;;;;;;;;;;;;;;;;;;;;;;;;;;;;;;;;;;;;;;;;;;;;;;;;;;;;;
                      =1     4     ;                                                                               ;
                      =1     5     ;                                  Chips.INC                                    ;
                      =1     6     ;                           Chip Select Constants                           ;
                      =1     7     ;                                 Include File                              ;
                      =1     8     ;                                                                           ;
                      =1     9     ;;;;;;;;;;;;;;;;;;;;;;;;;;;;;;;;;;;;;;;;;;;;;;;;;;;;;;;;;;;;;;;;;;;;;;;;;;;;;
                      =1    10     
                      =1    11     ; This file contains the definitions for chip select values
                      =1    12     ;
                      =1    13     ; Revision History:
                      =1    14     ;    11/23/2013                 Created - Anjian Wu
                      =1    15     
                      =1    16     
                      =1    17     
                      =1    18     ; Chip Select Register Values
  0003                =1    19     PACSval         EQU     00003H          ;PCS base at 0, 3 wait states
                      =1    20                                             ;0000000000------  starts at address 0
                      =1    21                                             ;----------000---  reserved
                      =1    22                                             ;-------------0--  wait for RDY inputs
                      =1    23                                             ;--------------11  3 wait states
  0183                =1    24     MPCSval         EQU     00183H          ;PCS in I/O space, use PCS5/6, 3 wait states
                      =1    25                                             ;0---------000---  reserved
                      =1    26                                             ;-0000001--------  MCS is 8KB
                      =1    27                                             ;--------1-------  output PCS5/PCS6
                      =1    28                                             ;---------0------  PCS in I/O space
                      =1    29                                             ;-------------0--  wait for RDY inputs
                      =1    30                                             ;--------------11  3 wait states
                      =1    31                                             
  FFA4                =1    32     PACSreg         EQU     0FFA4H          ;address of PACS register
  FFA8                =1    33     MPCSreg         EQU     0FFA8H          ;address of MPCS register
                            34 +1  $INCLUDE(general.inc)
                      =1    35     ;;;;;;;;;;;;;;;;;;;;;;;;;;;;;;;;;;;;;;;;;;;;;;;;;;;;;;;;;;;;;;;;;;;;;;;;;;;;;
                      =1    36     ;                                                                               ;
                      =1    37     ;                                  General.INC                                  ;
                      =1    38     ;                               General Constants                           ;
                      =1    39     ;                                 Include File                              ;
                      =1    40     ;                                                                           ;
                      =1    41     ;;;;;;;;;;;;;;;;;;;;;;;;;;;;;;;;;;;;;;;;;;;;;;;;;;;;;;;;;;;;;;;;;;;;;;;;;;;;;
                      =1    42     
                      =1    43     ; This file contains general operations
                      =1    44     ;
                      =1    45     ; Revision History:
                      =1    46     ;    11/02/2013                 Created - Anjian Wu
                      =1    47     ;    11/23/2013                 Added WORD_LOOKUP_ADJUST - Anjian Wu
                      =1    48     ;    12/05/2014         Added FMS_ERROR key, ZERO, changed other keys to 
                      =1    49     ;                       ASCII based - Anjian
                      =1    50     ;    12/12/2014         Added CAR_RETURN
8086/87/88/186 MACRO ASSEMBLER    CHIPS                                                    13:39:20  12/13/;3  PAGE    2


LOC  OBJ                  LINE     SOURCE

                      =1    51     
                      =1    52     
                      =1    53     ; General Constants
  000D                =1    54     CAR_RETURN      EQU     13          ;
  0000                =1    55     ASCII_NULL      EQU     0           ;
  0001                =1    56     bit_size        EQU     1           ;
  0004                =1    57     nibble_size     EQU     4           ;
  0008                =1    58     BYTE_size       EQU     8           ;
  0010                =1    59     WORD_size       EQU     16          ;
  0000                =1    60     ArrayEmpty      EQU     0               ; Empty is set at 0 index
                      =1    61     
  0001                =1    62     TRUE            EQU     1           ;
  0000                =1    63     FALSE           EQU     0           ;
                      =1    64     
  0000                =1    65     RESET           EQU     0           ; General Value for Resetting something
                      =1    66     
  0000                =1    67     CLEAR           EQU     0           ;
                      =1    68     
  0000                =1    69     ZERO            EQU     0           ;
                      =1    70     
  000A                =1    71     DIGIT           EQU     10          ; A digit in base 10 
                      =1    72     
  0001                =1    73     WORD_LOOKUP_ADJUST  EQU    1           ; Two bytes in one word -> SHL by 1
                      =1    74     
                      =1    75     ; General Definitions for Main Loops
                      =1    76     
  0001                =1    77     FIRST_RESERVED_VEC      EQU     1           ;reserve vectors 1-3
  0003                =1    78     LAST_RESERVED_VEC       EQU     3       ;
  0100                =1    79     NUM_IRQ_VECTORS     EQU 256     ;number of interrupt vectors
                      =1    80     
                      =1    81     ; MainLoop Key Codes
                      =1    82     
  0000                =1    83     KEY_EVENT_KEY       EQU     0   ; Event code indicating key pressed
  0001                =1    84     SER_ERR_KEY         EQU     1   ; Event code indicating serial error
  0002                =1    85     RX_ENQUEUED_KEY     EQU     2   ; Event code indicating new rx value gotten
  0003                =1    86     MODEM_KEY           EQU     3   ; Event code indicating modem event
  0004                =1    87     FSM_ERROR           EQU     4   ; Error key showing FSM error
                      =1    88     
                      =1    89     ; General Addresses
                      =1    90     
  FF22                =1    91     INTCtrlReg          EQU     0FF22H  ;EOI interrupt controller       
                            92     
                            93     ;;;;;;;;;;;;;;;;;;;;;;;;;;;;;;;;;;;;;;;;;;;;;;;;;;;;;;;;;;;;;;;;;;;;;;;;;;;;;;
                            94     ;                                                                            ;
                            95     ;                                 Chip.asm                                   ;
                            96     ;                                EE/CS  51                                   ;
                            97     ;                                 Anjian Wu                                  ;
                            98     ;                               TA: Pipe-mazo                                ;
                            99     ;                                                                            ;
                           100     ;;;;;;;;;;;;;;;;;;;;;;;;;;;;;;;;;;;;;;;;;;;;;;;;;;;;;;;;;;;;;;;;;;;;;;;;;;;;;;
                           101     ;                                 What's in here?
                           102     ;
                           103     ;   InitUserInterfaceCS  -   Initialize the Peripheral Chip Selects on the 80188
                           104     ;                            for Keypad and Display.
                           105     ;
8086/87/88/186 MACRO ASSEMBLER    CHIPS                                                    13:39:20  12/13/;3  PAGE    3


LOC  OBJ                  LINE     SOURCE

                           106     ;                               Created -> 11-22-2013 - Anjian Wu
                           107     ;;;;;;;;;;;;;;;;;;;;;;;;;;;;;;;;;;;;;;;;;;;;;;;;;;;;;;;;;;;;;;;;;;;;;;;;;;;;;;
                           108     
                           109     ; InitUserInterfaceCS
                           110     ;
                           111     ; Description:       Initialize the Peripheral Chip Selects on the 80188.
                           112     ;
                           113     ; Operation:         Write the initial values to the PACS and MPCS registers.
                           114     ;
                           115     ; Arguments:         None.
                           116     ; Return Value:      None.
                           117     ;
                           118     ; Local Variables:   None.
                           119     ; Shared Variables:  None.
                           120     ; Global Variables:  None.
                           121     ;
                           122     ; Input:             None.
                           123     ; Output:            None.
                           124     ;
                           125     ; Error Handling:    None.
                           126     ;
                           127     ; Algorithms:        None.
                           128     ; Data Structures:   None.
                           129     ;
                           130     ; Registers Changed: AX, DX
                           131     ; Stack Depth:       0 words
                           132     ;
                           133     ; Last Modified:     Working -> 11-22-2013 - Anjian Wu
                           134     CGROUP  GROUP   CODE
                           135     
----                       136     CODE    SEGMENT PUBLIC 'CODE'
                           137     
                           138     
                           139             ASSUME  CS:CGROUP
                           140     
                           141     
0000                       142     InitUserInterfaceCS  PROC    NEAR; Do what we did for HWK1 part 5 :)
                           143                         PUBLIC InitUserInterfaceCS
                           144     
                           145     
0000 BAA4FF                146             MOV     DX, PACSreg     ;setup to write to PACS register
0003 B80300                147             MOV     AX, PACSval
0006 EE                    148             OUT     DX, AL          ;write PACSval to PACS
                           149     
0007 BAA8FF                150             MOV     DX, MPCSreg     ;setup to write to MPCS register
000A B88301                151             MOV     AX, MPCSval
000D EE                    152             OUT     DX, AL          ;write MPCSval to MPCS
                           153     
                           154     
000E C3                    155             RET                     ;done so return
                           156     
                           157     
                           158     InitUserInterfaceCS  ENDP
                           159     
----                       160     CODE    ENDS
8086/87/88/186 MACRO ASSEMBLER    CHIPS                                                    13:39:20  12/13/;3  PAGE    4


LOC  OBJ                  LINE     SOURCE

                           161     
                           162     END

ASSEMBLY COMPLETE, NO ERRORS FOUND
