8086/87/88/186 MACRO ASSEMBLER    VECTORS                                                  21:53:11  12/12/;3  PAGE    1


DOS 5.0 (038-N) 8086/87/88/186 MACRO ASSEMBLER V3.1 ASSEMBLY OF MODULE VECTORS
OBJECT MODULE PLACED IN VECTORS.OBJ
ASSEMBLER INVOKED BY:  C:\5XTOOLS\ASM86.EXE VECTORS.ASM M1 DB EP


LOC  OBJ                  LINE     SOURCE

                             1             NAME    vectors
                             2 +1  $INCLUDE(vectors.inc); Include files
                      =1     3     ;;;;;;;;;;;;;;;;;;;;;;;;;;;;;;;;;;;;;;;;;;;;;;;;;;;;;;;;;;;;;;;;;;;;;;;;;;;;;
                      =1     4     ;                                                                               ;
                      =1     5     ;                                  Vector.INC                                   ;
                      =1     6     ;                              IVector Constants                            ;
                      =1     7     ;                                 Include File                              ;
                      =1     8     ;                                                                           ;
                      =1     9     ;;;;;;;;;;;;;;;;;;;;;;;;;;;;;;;;;;;;;;;;;;;;;;;;;;;;;;;;;;;;;;;;;;;;;;;;;;;;;
                      =1    10     
                      =1    11     ; This file contains the definitions for timers and their interupts
                      =1    12     ;
                      =1    13     ; Revision History:
                      =1    14     ;    11/23/2013                 Created - Anjian Wu
                      =1    15     ;    12/10/2013         Added Timer 2 info - Anjian Wu
                      =1    16     
                      =1    17                                             ; IVector Definitions
                      =1    18     
                      =1    19     ; Interrupt Vectors and their control values
  0008                =1    20     Tmr0Vec         EQU     8               ;interrupt vector for Timer 0
  0012                =1    21     Tmr1Vec         EQU     18              ;interrupt vector for Timer 1
  0013                =1    22     Tmr2Vec         EQU     19              ;interrupt vector for Timer 2
                      =1    23     
  FF32                =1    24     INTCtrlrCtrl    EQU     0FF32H          ;address of interrupt controller for timer
  FF22                =1    25     INTCtrlrEOI     EQU     0FF22H          ;address of interrupt controller EOI register
                      =1    26     
  0001                =1    27     INTCtrlrCVal    EQU     00001H          ;set priority for timers to 1 and enable
                      =1    28                                             ;000000000000----  reserved
                      =1    29                                             ;------------0---  enable timer interrupt
                      =1    30                                             ;-------------001  timer priority
                            31 +1  $INCLUDE(general.inc)
                      =1    32     ;;;;;;;;;;;;;;;;;;;;;;;;;;;;;;;;;;;;;;;;;;;;;;;;;;;;;;;;;;;;;;;;;;;;;;;;;;;;;
                      =1    33     ;                                                                               ;
                      =1    34     ;                                  General.INC                                  ;
                      =1    35     ;                               General Constants                           ;
                      =1    36     ;                                 Include File                              ;
                      =1    37     ;                                                                           ;
                      =1    38     ;;;;;;;;;;;;;;;;;;;;;;;;;;;;;;;;;;;;;;;;;;;;;;;;;;;;;;;;;;;;;;;;;;;;;;;;;;;;;
                      =1    39     
                      =1    40     ; This file contains general operations
                      =1    41     ;
                      =1    42     ; Revision History:
                      =1    43     ;    11/02/2013                 Created - Anjian Wu
                      =1    44     ;    11/23/2013                 Added WORD_LOOKUP_ADJUST - Anjian Wu
                      =1    45     ;    12/05/2014         Added FMS_ERROR key, ZERO, changed other keys to 
                      =1    46     ;                       ASCII based - Anjian
                      =1    47     ;    12/12/2014         Added CAR_RETURN
                      =1    48     
                      =1    49     
                      =1    50     ; General Constants
8086/87/88/186 MACRO ASSEMBLER    VECTORS                                                  21:53:11  12/12/;3  PAGE    2


LOC  OBJ                  LINE     SOURCE

  000D                =1    51     CAR_RETURN      EQU     13          ;
  0000                =1    52     ASCII_NULL      EQU     0           ;
  0001                =1    53     bit_size        EQU     1           ;
  0004                =1    54     nibble_size     EQU     4           ;
  0008                =1    55     BYTE_size       EQU     8           ;
  0010                =1    56     WORD_size       EQU     16          ;
  0000                =1    57     ArrayEmpty      EQU     0               ; Empty is set at 0 index
                      =1    58     
  0001                =1    59     TRUE            EQU     1           ;
  0000                =1    60     FALSE           EQU     0           ;
                      =1    61     
  0000                =1    62     RESET           EQU     0           ; General Value for Resetting something
                      =1    63     
  0000                =1    64     CLEAR           EQU     0           ;
                      =1    65     
  0000                =1    66     ZERO            EQU     0           ;
                      =1    67     
  000A                =1    68     DIGIT           EQU     10          ; A digit in base 10 
                      =1    69     
  0001                =1    70     WORD_LOOKUP_ADJUST  EQU    1           ; Two bytes in one word -> SHL by 1
                      =1    71     
                      =1    72     ; General Definitions for Main Loops
                      =1    73     
  0001                =1    74     FIRST_RESERVED_VEC      EQU     1           ;reserve vectors 1-3
  0003                =1    75     LAST_RESERVED_VEC       EQU     3       ;
  0100                =1    76     NUM_IRQ_VECTORS     EQU 256     ;number of interrupt vectors
                      =1    77     
                      =1    78     ; MainLoop Key Codes
                      =1    79     
  0000                =1    80     KEY_EVENT_KEY       EQU     0   ; Event code indicating key pressed
  0001                =1    81     SER_ERR_KEY         EQU     1   ; Event code indicating serial error
  0002                =1    82     RX_ENQUEUED_KEY     EQU     2   ; Event code indicating new rx value gotten
  0003                =1    83     MODEM_KEY           EQU     3   ; Event code indicating modem event
  0004                =1    84     FSM_ERROR           EQU     4   ; Error key showing FSM error
                      =1    85     
                      =1    86     ; General Addresses
                      =1    87     
  FF22                =1    88     INTCtrlReg          EQU     0FF22H  ;EOI interrupt controller       
                            89 +1  $INCLUDE(timer.inc)
                      =1    90     ;;;;;;;;;;;;;;;;;;;;;;;;;;;;;;;;;;;;;;;;;;;;;;;;;;;;;;;;;;;;;;;;;;;;;;;;;;;;;
                      =1    91     ;                                                                               ;
                      =1    92     ;                                  Timer.INC                                    ;
                      =1    93     ;                              Timer Constants                              ;
                      =1    94     ;                                 Include File                              ;
                      =1    95     ;                                                                           ;
                      =1    96     ;;;;;;;;;;;;;;;;;;;;;;;;;;;;;;;;;;;;;;;;;;;;;;;;;;;;;;;;;;;;;;;;;;;;;;;;;;;;;
                      =1    97     
                      =1    98     ; This file contains the definitions for timers and their interupts
                      =1    99     ;
                      =1   100     ; Revision History:
                      =1   101     ;    11/23/2013                 Created - Anjian Wu
                      =1   102     ;    12/10/2013         Added Timer2 vals - Anjian Wu
                      =1   103     
                      =1   104     
                      =1   105                                             ; Timer Definitions
8086/87/88/186 MACRO ASSEMBLER    VECTORS                                                  21:53:11  12/12/;3  PAGE    3


LOC  OBJ                  LINE     SOURCE

                      =1   106     
                      =1   107     ; Addresses
  FF56                =1   108     Tmr0Ctrl        EQU     0FF56H          ;address of Timer 0 Control Register
  FF52                =1   109     Tmr0MaxCntA     EQU     0FF52H          ;address of Timer 0 Max Count A Register
  FF50                =1   110     Tmr0Count       EQU     0FF50H          ;address of Timer 0 Count Register
                      =1   111     
  FF5E                =1   112     Tmr1Ctrl        EQU     0FF5EH          ;address of Timer 1 Control Register
  FF5A                =1   113     Tmr1MaxCntA     EQU     0FF5AH          ;address of Timer 1 Max Count A Register
  FF58                =1   114     Tmr1Count       EQU     0FF58H          ;address of Timer 1 Count Register
                      =1   115     
                      =1   116     
  FF66                =1   117     Tmr2Ctrl        EQU     0FF66H          ;address of Timer 2 Control Register
  FF62                =1   118     Tmr2MaxCnt      EQU     0FF62H          ;address of Timer 2 Max Count A Register
  FF60                =1   119     Tmr2Count       EQU     0FF60H          ;address of Timer 2 Count Register
                      =1   120     
                      =1   121     ; Control Register Values
  E001                =1   122     Tmr0CtrlVal     EQU     0E001H          ;value to write to Timer 0 Control Register
                      =1   123                                             ;1---------------  enable timer
                      =1   124                                             ;-1--------------  write to control
                      =1   125                                             ;--1-------------  enable interrupts
                      =1   126                                             ;----000000------  reserved
                      =1   127                                             ;---0------0-----  read only
                      =1   128                                             ;-----------0----  Retrigger
                      =1   129                                             ;------------0---  Prescaler
                      =1   130                                             ;-------------0--  external clock
                      =1   131                                             ;--------------0-  single counter mode
                      =1   132                                             ;---------------1  continuous mode
                      =1   133                                             
  E001                =1   134     Tmr1CtrlVal     EQU     0E001H          ;value to write to Timer 1 Control Register
                      =1   135                                             ;1---------------  enable timer
                      =1   136                                             ;-1--------------  write to control
                      =1   137                                             ;--1-------------  enable interrupts
                      =1   138                                             ;----000000------  reserved
                      =1   139                                             ;---0------0-----  read only
                      =1   140                                             ;-----------0----  Retrigger
                      =1   141                                             ;------------0---  Prescaler
                      =1   142                                             ;-------------0--  external clock
                      =1   143                                             ;--------------0-  single counter mode
                      =1   144                                             ;---------------1  continuous mode
                      =1   145     
  E001                =1   146     Tmr2CtrlVal     EQU     0E001H          ;value to write to Timer 2 Control Register
                      =1   147                                             ;1---------------  enable timer
                      =1   148                                             ;-1--------------  write to control
                      =1   149                                             ;--1-------------  enable interrupts
                      =1   150                                             ;----0000000-----  reserved
                      =1   151                                             ;-----------0----  MaxCount
                      =1   152                                             ;------------000-  reserved
                      =1   153                                             ;---------------1  continuous mode
                      =1   154     ; Control Register Values
                      =1   155                                           
                      =1   156                                             ; Control Register Values
  08CA                =1   157     CTS_PER_MILSEC  EQU     2250            ; 18MHZ/(8 * 1KHz) ~ 2250 counts per MS
                      =1   158     
  07D0                =1   159     PRESCALE_2SEC   EQU     2000            ; 2 seconds = CTS_PER_MILSEC * 2000
                      =1   160     
8086/87/88/186 MACRO ASSEMBLER    VECTORS                                                  21:53:11  12/12/;3  PAGE    4


LOC  OBJ                  LINE     SOURCE

  0008                =1   161     TimerEOI        EQU     00008H          ;Timer EOI command (same for all timers)
  8000                =1   162     NonSpecEOI      EQU     08000H          ;Non-specific EOI command
                      =1   163     
                      =1   164     
  0258                =1   165     COUNT_FOR_30HZ  EQU     600             ; 18,000,000 HZ/(8 * 30 Hz * PWM_WIDTH_MAX) 
                      =1   166                                             ; ~ 600 counts for 30 HZ of PWM
                      =1   167                                             
  00B1                =1   168     COUNT_FOR_100HZ EQU     177             ; 18,000,000 HZ/(8 * 100 Hz * PWM_WIDTH_MAX) 
                      =1   169                                             ; ~ 177 counts for 100 HZ of PWM             
                                                             
                      =1   170                                             
                      =1   171                                             ; NOTE THIS IS APPROXIMATE, Clock is actually
                                    a bit faster
                      =1   172                                             ; than 18 MHZ
                      =1   173     
                      =1   174     
                           175     
                           176     ;;;;;;;;;;;;;;;;;;;;;;;;;;;;;;;;;;;;;;;;;;;;;;;;;;;;;;;;;;;;;;;;;;;;;;;;;;;;;;
                           177     ;                                                                            ;
                           178     ;                                 vectors.asm                                ;
                           179     ;                                EE/CS  51                                   ;
                           180     ;                                 Anjian Wu                                  ;
                           181     ;                               TA: Pipe-mazo                                ;
                           182     ;                                                                            ;
                           183     ;;;;;;;;;;;;;;;;;;;;;;;;;;;;;;;;;;;;;;;;;;;;;;;;;;;;;;;;;;;;;;;;;;;;;;;;;;;;;;
                           184     ;                                 What's in here?
                           185     ;
                           186     ;   ClrIRQVectors   -   This functions installs the IllegalEventHandler for all
                           187     ;                       interrupt vectors in the interrupt vector table.
                           188     ;
                           189     ;
                           190     ;   IllegalEventHandler -   This procedure is the event handler for illegal
                           191     ;                           (uninitialized) interrupts.  It does nothing
                           192     ;
                           193     ;                               Created -> 11-22-2013 - Anjian Wu
                           194     ;                   ADjusted for REMOTE -> 12/10/2013 - Anjian Wu
                           195     ;;;;;;;;;;;;;;;;;;;;;;;;;;;;;;;;;;;;;;;;;;;;;;;;;;;;;;;;;;;;;;;;;;;;;;;;;;;;;;
                           196     
                           197     ; ClrIRQVectors
                           198     ;
                           199     ; Description:      This functions installs the IllegalEventHandler for all
                           200     ;                   interrupt vectors in the interrupt vector table.  Note
                           201     ;                   that all 256 vectors are initialized so the code must be
                           202     ;                   located above 400H.  The initialization skips  (does not
                           203     ;                   initialize vectors) from vectors FIRST_RESERVED_VEC to
                           204     ;                   LAST_RESERVED_VEC. This is taken from Glenn's exmaples
                           205     ;
                           206     ; Arguments:        None.
                           207     ; Return Value:     None.
                           208     ;
                           209     ; Local Variables:  CX    - vector counter.
                           210     ;                   ES:SI - pointer to vector table.
                           211     ; Shared Variables: None.
                           212     ; Global Variables: None.
                           213     ;
8086/87/88/186 MACRO ASSEMBLER    VECTORS                                                  21:53:11  12/12/;3  PAGE    5


LOC  OBJ                  LINE     SOURCE

                           214     ; Input:            None.
                           215     ; Output:           None.
                           216     ;
                           217     ; Error Handling:   None.
                           218     ;
                           219     ; Algorithms:       None.
                           220     ; Data Structures:  None.
                           221     ;
                           222     ; Registers Used:   flags, AX, CX, SI, ES
                           223     ; Stack Depth:      None.
                           224     ;
                           225     ; Last Modified:    Working -> 11-22-2013 - Anjian Wu
                           226     
                           227     CGROUP  GROUP   CODE
                           228     
----                       229     CODE    SEGMENT PUBLIC 'CODE'
                           230     
                           231     
                           232             ASSUME  CS:CGROUP
                           233             
0000                       234     ClrIRQVectors   PROC    NEAR
                           235                     PUBLIC  ClrIRQVectors
                           236     
0000                       237     InitClrVectorLoop:              ;setup to store the same handler 256 times
                           238     
0000 33C0                  239             XOR     AX, AX          ;clear ES (interrupt vectors are in segment 0)
0002 8EC0                  240             MOV     ES, AX
0004 BE0000                241             MOV     SI, 0           ;initialize SI to top of Vector table
                           242     
0007 B90001                243             MOV     CX, 256         ;up to 256 vectors to initialize
                           244     
                           245     
000A                       246     ClrVectorLoop:                  ;loop clearing each vector
                           247                                     ;check if should store the vector
000A 83FE04                248             CMP     SI, 4 * FIRST_RESERVED_VEC
000D 7205                  249             JB          DoStore                  ;if before start of reserved field - sto
                                   re it
000F 83FE0C                250             CMP         SI, 4 * LAST_RESERVED_VEC
0012 760B                  251             JBE         DoneStore        ;if in the reserved vectors - don't store it
                           252             ;JA     DoStore                  ;otherwise past them - so do the store
                           253     
0014                       254     DoStore:                        ;store the vector
0014 26C7042500     R      255             MOV     ES: WORD PTR [SI], OFFSET(IllegalEventHandler)
0019 26C74402----   R      256             MOV     ES: WORD PTR [SI + 2], SEG(IllegalEventHandler)
                           257     
001F                       258     DoneStore:                                  ;done storing the vector
001F 83C604                259             ADD     SI, 4           ;update pointer to next vector
                           260                                     ; We increment by 4 since each vector is comprised
                           261                                     ; of a CS:IP (WORD:WORD). Thus each unit is normalize
                                   d
                           262                                     ; to four bytes and we need to jump 4 positions per v
                                   ector.
                           263     
0022 E2E6                  264             LOOP    ClrVectorLoop   ;loop until have cleared all vectors
                           265             ;JMP    EndClrIRQVectors;and all done
8086/87/88/186 MACRO ASSEMBLER    VECTORS                                                  21:53:11  12/12/;3  PAGE    6


LOC  OBJ                  LINE     SOURCE

                           266     
                           267     
0024                       268     EndClrIRQVectors:               ;all done, return
0024 C3                    269             RET
                           270     
                           271     
                           272     ClrIRQVectors   ENDP
                           273     
                           274     
                           275     ; IllegalEventHandler
                           276     ;
                           277     ; Description:       This procedure is the event handler for illegal
                           278     ;                    (uninitialized) interrupts.  It does nothing - it just
                           279     ;                    returns after sending a non-specific EOI.
                           280     ;
                           281     ; Operation:         Send a non-specific EOI and return.
                           282     ;
                           283     ; Arguments:         None.
                           284     ; Return Value:      None.
                           285     ;
                           286     ; Local Variables:   None.
                           287     ; Shared Variables:  None.
                           288     ; Global Variables:  None.
                           289     ;
                           290     ; Input:             None.
                           291     ; Output:            None.
                           292     ;
                           293     ; Error Handling:    None.
                           294     ;
                           295     ; Algorithms:        None.
                           296     ; Data Structures:   None.
                           297     ;
                           298     ; Registers Changed: None
                           299     ; Stack Depth:       2 words
                           300     ;
                           301     ; Last Modified:     Moved here - 11-23-2013 - Anjian Wu
                           302     
                           303     
0025                       304     IllegalEventHandler     PROC    NEAR
                           305     
0025 90                    306             NOP                             ;do nothing (can set breakpoint here)
                           307     
0026 50                    308             PUSH    AX                      ;save the registers
0027 52                    309             PUSH    DX
                           310     
0028 BA22FF                311             MOV     DX, INTCtrlrEOI         ;send a non-specific EOI to the
002B B80080                312             MOV     AX, NonSpecEOI          ;   interrupt controller to clear out
002E EE                    313             OUT     DX, AL                  ;   the interrupt that got us here
                           314     
002F 5A                    315             POP     DX                      ;restore the registers
0030 58                    316             POP     AX
                           317     
0031 CF                    318             IRET                            ;and return
                           319     
                           320     
8086/87/88/186 MACRO ASSEMBLER    VECTORS                                                  21:53:11  12/12/;3  PAGE    7


LOC  OBJ                  LINE     SOURCE

                           321     IllegalEventHandler     ENDP
                           322     
----                       323     CODE    ENDS
                           324     
                           325     END

ASSEMBLY COMPLETE, NO ERRORS FOUND
